[     626ms] [LOG] %c
▲

    ____                               _ __
   / __ \________  ____ _____ ___     (_) /_
  / / / / ___/ _ \/ __ `/ __ `__ \   / / __/
 / /_/ / /  /  __/ /_/ / / / / / /  / / /__
/_____/_/   \___/\__,_/_/ /_/ /_/  /_/\__( )
   _____ __    _          _ __           |/
  / ___// /_  (_)___     (_) /_
  \__ \/ __ \/ / __ \   / / __/
 ___/ / / / / / /_/ /  / / /_
/____/_/ /_/_/ .___/  /_/\__/
            /_/
  

Hello!

- Open Source https://vercel.com/oss
- Careers https://vercel.com/careers
- Status https://vercel-status.com

 font-family: "Geist Mono", monospace; white-space: pre; line-height: 1; @ https://vercel.com/_next/static/immutable/chunks/0gisdixsvd9-x.js:78
[    1540ms] [ERROR] Failed to load resource: the server responded with a status of 404 () @ https://vercel.com/api/chat/TDaR7I7quZVI8xeL/stream:0
[    1541ms] [WARNING] [omniagent] chat stream failed Error: {"error":{"code":"not_found","message":"The requested API endpoint was not found."}}
    at oS.reconnectToStream (https://vercel.com/_next/static/immutable/chunks/0nlrio1acyhql.js:38:48063)
    at async ae.makeRequest (https://vercel.com/_next/static/immutable/chunks/0nlrio1acyhql.js:23:47520)
    at async ae.resumeStream (https://vercel.com/_next/static/immutable/chunks/0nlrio1acyhql.js:23:44598) @ https://vercel.com/_next/static/immutable/chunks/2v68b1iznop88.js:1
[    2157ms] [WARNING] Deprecated API for given entry type. @ https://vercel.com/_next/static/immutable/chunks/3qsuav06ia3wm.js:18
[   11029ms] [WARNING] The resource https://vercel.com/_next/static/immutable/chunks/0yd0_h9ujntrg.css was preloaded using link preload but not used within a few seconds from the window's load event. Please make sure it has an appropriate `as` value and it is preloaded intentionally. @ https://vercel.com/wr-dels-projects/~/settings/environment-variables:0
[   11029ms] [WARNING] The resource https://vercel.com/_next/static/immutable/chunks/11o8uyapqb8ci.css was preloaded using link preload but not used within a few seconds from the window's load event. Please make sure it has an appropriate `as` value and it is preloaded intentionally. @ https://vercel.com/wr-dels-projects/~/settings/environment-variables:0
[   11029ms] [WARNING] The resource https://vercel.com/_next/static/immutable/chunks/2lnta3z95ohb7.css was preloaded using link preload but not used within a few seconds from the window's load event. Please make sure it has an appropriate `as` value and it is preloaded intentionally. @ https://vercel.com/wr-dels-projects/~/settings/environment-variables:0
[   11029ms] [WARNING] The resource https://vercel.com/_next/static/immutable/chunks/1qn0by1dcdo0p.css was preloaded using link preload but not used within a few seconds from the window's load event. Please make sure it has an appropriate `as` value and it is preloaded intentionally. @ https://vercel.com/wr-dels-projects/~/settings/environment-variables:0
[   11029ms] [WARNING] The resource https://vercel.com/_next/static/immutable/chunks/3dncqglpf567l.css was preloaded using link preload but not used within a few seconds from the window's load event. Please make sure it has an appropriate `as` value and it is preloaded intentionally. @ https://vercel.com/wr-dels-projects/~/settings/environment-variables:0
[   11029ms] [WARNING] The resource https://vercel.com/_next/static/immutable/chunks/012p6cwa_e92y.css was preloaded using link preload but not used within a few seconds from the window's load event. Please make sure it has an appropriate `as` value and it is preloaded intentionally. @ https://vercel.com/wr-dels-projects/~/settings/environment-variables:0
[   11029ms] [WARNING] The resource https://vercel.com/_next/static/immutable/chunks/1rd3xjd3esung.css was preloaded using link preload but not used within a few seconds from the window's load event. Please make sure it has an appropriate `as` value and it is preloaded intentionally. @ https://vercel.com/wr-dels-projects/~/settings/environment-variables:0
[   11029ms] [WARNING] The resource https://vercel.com/_next/static/immutable/chunks/08pkr-yscsyp6.css was preloaded using link preload but not used within a few seconds from the window's load event. Please make sure it has an appropriate `as` value and it is preloaded intentionally. @ https://vercel.com/wr-dels-projects/~/settings/environment-variables:0
[   11029ms] [WARNING] The resource https://vercel.com/_next/static/immutable/chunks/1go2vinjiwjy8.css was preloaded using link preload but not used within a few seconds from the window's load event. Please make sure it has an appropriate `as` value and it is preloaded intentionally. @ https://vercel.com/wr-dels-projects/~/settings/environment-variables:0
[   11029ms] [WARNING] The resource https://vercel.com/_next/static/immutable/chunks/3d792zqltro0t.css was preloaded using link preload but not used within a few seconds from the window's load event. Please make sure it has an appropriate `as` value and it is preloaded intentionally. @ https://vercel.com/wr-dels-projects/~/settings/environment-variables:0
[   11030ms] [WARNING] The resource https://vercel.com/_next/static/immutable/chunks/0-shbsz3-8ybx.css was preloaded using link preload but not used within a few seconds from the window's load event. Please make sure it has an appropriate `as` value and it is preloaded intentionally. @ https://vercel.com/wr-dels-projects/~/settings/environment-variables:0
[   11030ms] [WARNING] The resource https://vercel.com/_next/static/immutable/chunks/3pd_u4hffh-cq.css was preloaded using link preload but not used within a few seconds from the window's load event. Please make sure it has an appropriate `as` value and it is preloaded intentionally. @ https://vercel.com/wr-dels-projects/~/settings/environment-variables:0
[   15751ms] [WARNING] The resource https://vercel.com/_next/static/immutable/chunks/0yd0_h9ujntrg.css was preloaded using link preload but not used within a few seconds from the window's load event. Please make sure it has an appropriate `as` value and it is preloaded intentionally. @ https://vercel.com/wr-dels-projects/~/settings/environment-variables:0
[   15751ms] [WARNING] The resource https://vercel.com/_next/static/immutable/chunks/11o8uyapqb8ci.css was preloaded using link preload but not used within a few seconds from the window's load event. Please make sure it has an appropriate `as` value and it is preloaded intentionally. @ https://vercel.com/wr-dels-projects/~/settings/environment-variables:0
[   15751ms] [WARNING] The resource https://vercel.com/_next/static/immutable/chunks/2lnta3z95ohb7.css was preloaded using link preload but not used within a few seconds from the window's load event. Please make sure it has an appropriate `as` value and it is preloaded intentionally. @ https://vercel.com/wr-dels-projects/~/settings/environment-variables:0
[   15751ms] [WARNING] The resource https://vercel.com/_next/static/immutable/chunks/1qn0by1dcdo0p.css was preloaded using link preload but not used within a few seconds from the window's load event. Please make sure it has an appropriate `as` value and it is preloaded intentionally. @ https://vercel.com/wr-dels-projects/~/settings/environment-variables:0
[   15751ms] [WARNING] The resource https://vercel.com/_next/static/immutable/chunks/3dncqglpf567l.css was preloaded using link preload but not used within a few seconds from the window's load event. Please make sure it has an appropriate `as` value and it is preloaded intentionally. @ https://vercel.com/wr-dels-projects/~/settings/environment-variables:0
[   15751ms] [WARNING] The resource https://vercel.com/_next/static/immutable/chunks/012p6cwa_e92y.css was preloaded using link preload but not used within a few seconds from the window's load event. Please make sure it has an appropriate `as` value and it is preloaded intentionally. @ https://vercel.com/wr-dels-projects/~/settings/environment-variables:0
[   15751ms] [WARNING] The resource https://vercel.com/_next/static/immutable/chunks/1rd3xjd3esung.css was preloaded using link preload but not used within a few seconds from the window's load event. Please make sure it has an appropriate `as` value and it is preloaded intentionally. @ https://vercel.com/wr-dels-projects/~/settings/environment-variables:0
[   15751ms] [WARNING] The resource https://vercel.com/_next/static/immutable/chunks/08pkr-yscsyp6.css was preloaded using link preload but not used within a few seconds from the window's load event. Please make sure it has an appropriate `as` value and it is preloaded intentionally. @ https://vercel.com/wr-dels-projects/~/settings/environment-variables:0
[   15751ms] [WARNING] The resource https://vercel.com/_next/static/immutable/chunks/1go2vinjiwjy8.css was preloaded using link preload but not used within a few seconds from the window's load event. Please make sure it has an appropriate `as` value and it is preloaded intentionally. @ https://vercel.com/wr-dels-projects/~/settings/environment-variables:0
[   15751ms] [WARNING] The resource https://vercel.com/_next/static/immutable/chunks/3d792zqltro0t.css was preloaded using link preload but not used within a few seconds from the window's load event. Please make sure it has an appropriate `as` value and it is preloaded intentionally. @ https://vercel.com/wr-dels-projects/~/settings/environment-variables:0
[   15751ms] [WARNING] The resource https://vercel.com/_next/static/immutable/chunks/0-shbsz3-8ybx.css was preloaded using link preload but not used within a few seconds from the window's load event. Please make sure it has an appropriate `as` value and it is preloaded intentionally. @ https://vercel.com/wr-dels-projects/~/settings/environment-variables:0
[   15751ms] [WARNING] The resource https://vercel.com/_next/static/immutable/chunks/3pd_u4hffh-cq.css was preloaded using link preload but not used within a few seconds from the window's load event. Please make sure it has an appropriate `as` value and it is preloaded intentionally. @ https://vercel.com/wr-dels-projects/~/settings/environment-variables:0
