[     472ms] [LOG] %c
▲

    ________   _ __ _          ____           __
   /  _/ __/  (_) /( )_____   / __/___ ______/ /_
   / // /_   / / __/// ___/  / /_/ __ `/ ___/ __/
 _/ // __/  / / /_  (__  )  / __/ /_/ (__  ) /_
/___/_/    /_/\__/ /____/  /_/  \__,_/____/\__/
    _ __ _                         _    __                    __
   (_) /( )_____   ____  ____     | |  / /__  _____________  / /
  / / __/// ___/  / __ \/ __ \    | | / / _ \/ ___/ ___/ _ \/ /
 / / /_  (__  )  / /_/ / / / /    | |/ /  __/ /  / /__/  __/ /
/_/\__/ /____/   \____/_/ /_/     |___/\___/_/   \___/\___/_/
  

Hello!

- Open Source https://vercel.com/oss
- Careers https://vercel.com/careers
- Status https://vercel-status.com

 font-family: "Geist Mono", monospace; white-space: pre; line-height: 1; @ https://vercel.com/_next/static/immutable/chunks/0gisdixsvd9-x.js:78
[    1422ms] [ERROR] Failed to load resource: the server responded with a status of 404 () @ https://vercel.com/api/v1/projects/word2article/production-deployment?teamId=wr-dels-projects:0
[    1505ms] [ERROR] Failed to load resource: the server responded with a status of 404 () @ https://vercel.com/api/chat/iKq0FOsxl9Rz6owv/stream:0
[    1514ms] [WARNING] [omniagent] chat stream failed Error: {"error":{"code":"not_found","message":"The requested API endpoint was not found."}}
    at oS.reconnectToStream (https://vercel.com/_next/static/immutable/chunks/0nlrio1acyhql.js:38:48063)
    at async ae.makeRequest (https://vercel.com/_next/static/immutable/chunks/0nlrio1acyhql.js:23:47520)
    at async ae.resumeStream (https://vercel.com/_next/static/immutable/chunks/0nlrio1acyhql.js:23:44598) @ https://vercel.com/_next/static/immutable/chunks/2v68b1iznop88.js:1
[    1559ms] [WARNING] Deprecated API for given entry type. @ https://vercel.com/_next/static/immutable/chunks/3qsuav06ia3wm.js:18
[    9429ms] [ERROR] Failed to load resource: the server responded with a status of 404 () @ https://vercel.com/api/v1/projects/prj_R1tb0neK4Bi6dlX2aZ6VdXB3MbkS/production-deployment?teamId=wr-dels-projects:0
[    9799ms] [ERROR] Failed to load resource: the server responded with a status of 404 () @ https://vercel.com/api/v1/projects/word2article/production-deployment?teamId=wr-dels-projects:0
[   15138ms] [WARNING] The resource https://vercel.com/_next/static/immutable/chunks/0_olkklym7wv7.css was preloaded using link preload but not used within a few seconds from the window's load event. Please make sure it has an appropriate `as` value and it is preloaded intentionally. @ https://vercel.com/wr-dels-projects/word2article/deployments:0
[   15138ms] [WARNING] The resource https://vercel.com/_next/static/immutable/chunks/0yd0_h9ujntrg.css was preloaded using link preload but not used within a few seconds from the window's load event. Please make sure it has an appropriate `as` value and it is preloaded intentionally. @ https://vercel.com/wr-dels-projects/word2article/deployments:0
[   15139ms] [WARNING] The resource https://vercel.com/_next/static/immutable/chunks/012p6cwa_e92y.css was preloaded using link preload but not used within a few seconds from the window's load event. Please make sure it has an appropriate `as` value and it is preloaded intentionally. @ https://vercel.com/wr-dels-projects/word2article/deployments:0
[   15139ms] [WARNING] The resource https://vercel.com/_next/static/immutable/chunks/3pd_u4hffh-cq.css was preloaded using link preload but not used within a few seconds from the window's load event. Please make sure it has an appropriate `as` value and it is preloaded intentionally. @ https://vercel.com/wr-dels-projects/word2article/deployments:0
[   15139ms] [WARNING] The resource https://vercel.com/_next/static/immutable/chunks/08cd0i4vtwexf.css was preloaded using link preload but not used within a few seconds from the window's load event. Please make sure it has an appropriate `as` value and it is preloaded intentionally. @ https://vercel.com/wr-dels-projects/word2article/deployments:0
[   15139ms] [WARNING] The resource https://vercel.com/_next/static/immutable/chunks/08pkr-yscsyp6.css was preloaded using link preload but not used within a few seconds from the window's load event. Please make sure it has an appropriate `as` value and it is preloaded intentionally. @ https://vercel.com/wr-dels-projects/word2article/deployments:0
[   15139ms] [WARNING] The resource https://vercel.com/_next/static/immutable/chunks/1go2vinjiwjy8.css was preloaded using link preload but not used within a few seconds from the window's load event. Please make sure it has an appropriate `as` value and it is preloaded intentionally. @ https://vercel.com/wr-dels-projects/word2article/deployments:0
[   15139ms] [WARNING] The resource https://vercel.com/_next/static/immutable/chunks/0-shbsz3-8ybx.css was preloaded using link preload but not used within a few seconds from the window's load event. Please make sure it has an appropriate `as` value and it is preloaded intentionally. @ https://vercel.com/wr-dels-projects/word2article/deployments:0
[   15139ms] [WARNING] The resource https://vercel.com/_next/static/immutable/chunks/3d792zqltro0t.css was preloaded using link preload but not used within a few seconds from the window's load event. Please make sure it has an appropriate `as` value and it is preloaded intentionally. @ https://vercel.com/wr-dels-projects/word2article/deployments:0
[   15139ms] [WARNING] The resource https://vercel.com/_next/static/immutable/chunks/1qpjfmo0jgtu2.css was preloaded using link preload but not used within a few seconds from the window's load event. Please make sure it has an appropriate `as` value and it is preloaded intentionally. @ https://vercel.com/wr-dels-projects/word2article/deployments:0
[   15139ms] [WARNING] The resource https://vercel.com/_next/static/immutable/chunks/3u-awfwh864qy.css was preloaded using link preload but not used within a few seconds from the window's load event. Please make sure it has an appropriate `as` value and it is preloaded intentionally. @ https://vercel.com/wr-dels-projects/word2article/deployments:0
[   15139ms] [WARNING] The resource https://vercel.com/_next/static/immutable/chunks/1on8dzgsq8rj3.css was preloaded using link preload but not used within a few seconds from the window's load event. Please make sure it has an appropriate `as` value and it is preloaded intentionally. @ https://vercel.com/wr-dels-projects/word2article/deployments:0
[   15139ms] [WARNING] The resource https://vercel.com/_next/static/immutable/chunks/2trm0mcdarzxi.css was preloaded using link preload but not used within a few seconds from the window's load event. Please make sure it has an appropriate `as` value and it is preloaded intentionally. @ https://vercel.com/wr-dels-projects/word2article/deployments:0
[   15139ms] [WARNING] The resource https://vercel.com/_next/static/immutable/chunks/3dncqglpf567l.css was preloaded using link preload but not used within a few seconds from the window's load event. Please make sure it has an appropriate `as` value and it is preloaded intentionally. @ https://vercel.com/wr-dels-projects/word2article/deployments:0
[   15139ms] [WARNING] The resource https://vercel.com/_next/static/immutable/chunks/1rd3xjd3esung.css was preloaded using link preload but not used within a few seconds from the window's load event. Please make sure it has an appropriate `as` value and it is preloaded intentionally. @ https://vercel.com/wr-dels-projects/word2article/deployments:0
[   15139ms] [WARNING] The resource https://vercel.com/_next/static/immutable/chunks/3fd49nnoyujvi.css was preloaded using link preload but not used within a few seconds from the window's load event. Please make sure it has an appropriate `as` value and it is preloaded intentionally. @ https://vercel.com/wr-dels-projects/word2article/deployments:0
[   21471ms] [WARNING] The resource https://vercel.com/_next/static/immutable/chunks/0_olkklym7wv7.css was preloaded using link preload but not used within a few seconds from the window's load event. Please make sure it has an appropriate `as` value and it is preloaded intentionally. @ https://vercel.com/wr-dels-projects/word2article/deployments:0
[   21471ms] [WARNING] The resource https://vercel.com/_next/static/immutable/chunks/0yd0_h9ujntrg.css was preloaded using link preload but not used within a few seconds from the window's load event. Please make sure it has an appropriate `as` value and it is preloaded intentionally. @ https://vercel.com/wr-dels-projects/word2article/deployments:0
[   21471ms] [WARNING] The resource https://vercel.com/_next/static/immutable/chunks/012p6cwa_e92y.css was preloaded using link preload but not used within a few seconds from the window's load event. Please make sure it has an appropriate `as` value and it is preloaded intentionally. @ https://vercel.com/wr-dels-projects/word2article/deployments:0
[   21471ms] [WARNING] The resource https://vercel.com/_next/static/immutable/chunks/3pd_u4hffh-cq.css was preloaded using link preload but not used within a few seconds from the window's load event. Please make sure it has an appropriate `as` value and it is preloaded intentionally. @ https://vercel.com/wr-dels-projects/word2article/deployments:0
[   21471ms] [WARNING] The resource https://vercel.com/_next/static/immutable/chunks/08cd0i4vtwexf.css was preloaded using link preload but not used within a few seconds from the window's load event. Please make sure it has an appropriate `as` value and it is preloaded intentionally. @ https://vercel.com/wr-dels-projects/word2article/deployments:0
[   21471ms] [WARNING] The resource https://vercel.com/_next/static/immutable/chunks/08pkr-yscsyp6.css was preloaded using link preload but not used within a few seconds from the window's load event. Please make sure it has an appropriate `as` value and it is preloaded intentionally. @ https://vercel.com/wr-dels-projects/word2article/deployments:0
[   21471ms] [WARNING] The resource https://vercel.com/_next/static/immutable/chunks/1go2vinjiwjy8.css was preloaded using link preload but not used within a few seconds from the window's load event. Please make sure it has an appropriate `as` value and it is preloaded intentionally. @ https://vercel.com/wr-dels-projects/word2article/deployments:0
[   21471ms] [WARNING] The resource https://vercel.com/_next/static/immutable/chunks/0-shbsz3-8ybx.css was preloaded using link preload but not used within a few seconds from the window's load event. Please make sure it has an appropriate `as` value and it is preloaded intentionally. @ https://vercel.com/wr-dels-projects/word2article/deployments:0
[   21471ms] [WARNING] The resource https://vercel.com/_next/static/immutable/chunks/3d792zqltro0t.css was preloaded using link preload but not used within a few seconds from the window's load event. Please make sure it has an appropriate `as` value and it is preloaded intentionally. @ https://vercel.com/wr-dels-projects/word2article/deployments:0
[   21471ms] [WARNING] The resource https://vercel.com/_next/static/immutable/chunks/1qpjfmo0jgtu2.css was preloaded using link preload but not used within a few seconds from the window's load event. Please make sure it has an appropriate `as` value and it is preloaded intentionally. @ https://vercel.com/wr-dels-projects/word2article/deployments:0
[   21471ms] [WARNING] The resource https://vercel.com/_next/static/immutable/chunks/3u-awfwh864qy.css was preloaded using link preload but not used within a few seconds from the window's load event. Please make sure it has an appropriate `as` value and it is preloaded intentionally. @ https://vercel.com/wr-dels-projects/word2article/deployments:0
[   21471ms] [WARNING] The resource https://vercel.com/_next/static/immutable/chunks/1on8dzgsq8rj3.css was preloaded using link preload but not used within a few seconds from the window's load event. Please make sure it has an appropriate `as` value and it is preloaded intentionally. @ https://vercel.com/wr-dels-projects/word2article/deployments:0
[   21471ms] [WARNING] The resource https://vercel.com/_next/static/immutable/chunks/2trm0mcdarzxi.css was preloaded using link preload but not used within a few seconds from the window's load event. Please make sure it has an appropriate `as` value and it is preloaded intentionally. @ https://vercel.com/wr-dels-projects/word2article/deployments:0
[   21471ms] [WARNING] The resource https://vercel.com/_next/static/immutable/chunks/3dncqglpf567l.css was preloaded using link preload but not used within a few seconds from the window's load event. Please make sure it has an appropriate `as` value and it is preloaded intentionally. @ https://vercel.com/wr-dels-projects/word2article/deployments:0
[   21471ms] [WARNING] The resource https://vercel.com/_next/static/immutable/chunks/1rd3xjd3esung.css was preloaded using link preload but not used within a few seconds from the window's load event. Please make sure it has an appropriate `as` value and it is preloaded intentionally. @ https://vercel.com/wr-dels-projects/word2article/deployments:0
[   21471ms] [WARNING] The resource https://vercel.com/_next/static/immutable/chunks/3fd49nnoyujvi.css was preloaded using link preload but not used within a few seconds from the window's load event. Please make sure it has an appropriate `as` value and it is preloaded intentionally. @ https://vercel.com/wr-dels-projects/word2article/deployments:0
[   29794ms] [WARNING] The resource https://vercel.com/_next/static/immutable/chunks/0_olkklym7wv7.css was preloaded using link preload but not used within a few seconds from the window's load event. Please make sure it has an appropriate `as` value and it is preloaded intentionally. @ https://vercel.com/wr-dels-projects/word2article/deployments:0
[   29794ms] [WARNING] The resource https://vercel.com/_next/static/immutable/chunks/0yd0_h9ujntrg.css was preloaded using link preload but not used within a few seconds from the window's load event. Please make sure it has an appropriate `as` value and it is preloaded intentionally. @ https://vercel.com/wr-dels-projects/word2article/deployments:0
[   29794ms] [WARNING] The resource https://vercel.com/_next/static/immutable/chunks/012p6cwa_e92y.css was preloaded using link preload but not used within a few seconds from the window's load event. Please make sure it has an appropriate `as` value and it is preloaded intentionally. @ https://vercel.com/wr-dels-projects/word2article/deployments:0
[   29794ms] [WARNING] The resource https://vercel.com/_next/static/immutable/chunks/3pd_u4hffh-cq.css was preloaded using link preload but not used within a few seconds from the window's load event. Please make sure it has an appropriate `as` value and it is preloaded intentionally. @ https://vercel.com/wr-dels-projects/word2article/deployments:0
[   29794ms] [WARNING] The resource https://vercel.com/_next/static/immutable/chunks/08cd0i4vtwexf.css was preloaded using link preload but not used within a few seconds from the window's load event. Please make sure it has an appropriate `as` value and it is preloaded intentionally. @ https://vercel.com/wr-dels-projects/word2article/deployments:0
[   29794ms] [WARNING] The resource https://vercel.com/_next/static/immutable/chunks/08pkr-yscsyp6.css was preloaded using link preload but not used within a few seconds from the window's load event. Please make sure it has an appropriate `as` value and it is preloaded intentionally. @ https://vercel.com/wr-dels-projects/word2article/deployments:0
[   29794ms] [WARNING] The resource https://vercel.com/_next/static/immutable/chunks/1go2vinjiwjy8.css was preloaded using link preload but not used within a few seconds from the window's load event. Please make sure it has an appropriate `as` value and it is preloaded intentionally. @ https://vercel.com/wr-dels-projects/word2article/deployments:0
[   29794ms] [WARNING] The resource https://vercel.com/_next/static/immutable/chunks/0-shbsz3-8ybx.css was preloaded using link preload but not used within a few seconds from the window's load event. Please make sure it has an appropriate `as` value and it is preloaded intentionally. @ https://vercel.com/wr-dels-projects/word2article/deployments:0
[   29794ms] [WARNING] The resource https://vercel.com/_next/static/immutable/chunks/3d792zqltro0t.css was preloaded using link preload but not used within a few seconds from the window's load event. Please make sure it has an appropriate `as` value and it is preloaded intentionally. @ https://vercel.com/wr-dels-projects/word2article/deployments:0
[   29794ms] [WARNING] The resource https://vercel.com/_next/static/immutable/chunks/1qpjfmo0jgtu2.css was preloaded using link preload but not used within a few seconds from the window's load event. Please make sure it has an appropriate `as` value and it is preloaded intentionally. @ https://vercel.com/wr-dels-projects/word2article/deployments:0
[   29794ms] [WARNING] The resource https://vercel.com/_next/static/immutable/chunks/3u-awfwh864qy.css was preloaded using link preload but not used within a few seconds from the window's load event. Please make sure it has an appropriate `as` value and it is preloaded intentionally. @ https://vercel.com/wr-dels-projects/word2article/deployments:0
[   29794ms] [WARNING] The resource https://vercel.com/_next/static/immutable/chunks/1on8dzgsq8rj3.css was preloaded using link preload but not used within a few seconds from the window's load event. Please make sure it has an appropriate `as` value and it is preloaded intentionally. @ https://vercel.com/wr-dels-projects/word2article/deployments:0
[   29794ms] [WARNING] The resource https://vercel.com/_next/static/immutable/chunks/2trm0mcdarzxi.css was preloaded using link preload but not used within a few seconds from the window's load event. Please make sure it has an appropriate `as` value and it is preloaded intentionally. @ https://vercel.com/wr-dels-projects/word2article/deployments:0
[   29794ms] [WARNING] The resource https://vercel.com/_next/static/immutable/chunks/3dncqglpf567l.css was preloaded using link preload but not used within a few seconds from the window's load event. Please make sure it has an appropriate `as` value and it is preloaded intentionally. @ https://vercel.com/wr-dels-projects/word2article/deployments:0
[   29794ms] [WARNING] The resource https://vercel.com/_next/static/immutable/chunks/1rd3xjd3esung.css was preloaded using link preload but not used within a few seconds from the window's load event. Please make sure it has an appropriate `as` value and it is preloaded intentionally. @ https://vercel.com/wr-dels-projects/word2article/deployments:0
[   29794ms] [WARNING] The resource https://vercel.com/_next/static/immutable/chunks/3fd49nnoyujvi.css was preloaded using link preload but not used within a few seconds from the window's load event. Please make sure it has an appropriate `as` value and it is preloaded intentionally. @ https://vercel.com/wr-dels-projects/word2article/deployments:0
[   36325ms] [WARNING] The resource https://vercel.com/_next/static/immutable/chunks/0_olkklym7wv7.css was preloaded using link preload but not used within a few seconds from the window's load event. Please make sure it has an appropriate `as` value and it is preloaded intentionally. @ https://vercel.com/wr-dels-projects/word2article/deployments:0
[   36325ms] [WARNING] The resource https://vercel.com/_next/static/immutable/chunks/0yd0_h9ujntrg.css was preloaded using link preload but not used within a few seconds from the window's load event. Please make sure it has an appropriate `as` value and it is preloaded intentionally. @ https://vercel.com/wr-dels-projects/word2article/deployments:0
[   36325ms] [WARNING] The resource https://vercel.com/_next/static/immutable/chunks/012p6cwa_e92y.css was preloaded using link preload but not used within a few seconds from the window's load event. Please make sure it has an appropriate `as` value and it is preloaded intentionally. @ https://vercel.com/wr-dels-projects/word2article/deployments:0
[   36325ms] [WARNING] The resource https://vercel.com/_next/static/immutable/chunks/3pd_u4hffh-cq.css was preloaded using link preload but not used within a few seconds from the window's load event. Please make sure it has an appropriate `as` value and it is preloaded intentionally. @ https://vercel.com/wr-dels-projects/word2article/deployments:0
[   36325ms] [WARNING] The resource https://vercel.com/_next/static/immutable/chunks/08cd0i4vtwexf.css was preloaded using link preload but not used within a few seconds from the window's load event. Please make sure it has an appropriate `as` value and it is preloaded intentionally. @ https://vercel.com/wr-dels-projects/word2article/deployments:0
[   36325ms] [WARNING] The resource https://vercel.com/_next/static/immutable/chunks/08pkr-yscsyp6.css was preloaded using link preload but not used within a few seconds from the window's load event. Please make sure it has an appropriate `as` value and it is preloaded intentionally. @ https://vercel.com/wr-dels-projects/word2article/deployments:0
[   36325ms] [WARNING] The resource https://vercel.com/_next/static/immutable/chunks/1go2vinjiwjy8.css was preloaded using link preload but not used within a few seconds from the window's load event. Please make sure it has an appropriate `as` value and it is preloaded intentionally. @ https://vercel.com/wr-dels-projects/word2article/deployments:0
[   36325ms] [WARNING] The resource https://vercel.com/_next/static/immutable/chunks/0-shbsz3-8ybx.css was preloaded using link preload but not used within a few seconds from the window's load event. Please make sure it has an appropriate `as` value and it is preloaded intentionally. @ https://vercel.com/wr-dels-projects/word2article/deployments:0
[   36325ms] [WARNING] The resource https://vercel.com/_next/static/immutable/chunks/3d792zqltro0t.css was preloaded using link preload but not used within a few seconds from the window's load event. Please make sure it has an appropriate `as` value and it is preloaded intentionally. @ https://vercel.com/wr-dels-projects/word2article/deployments:0
[   36325ms] [WARNING] The resource https://vercel.com/_next/static/immutable/chunks/1qpjfmo0jgtu2.css was preloaded using link preload but not used within a few seconds from the window's load event. Please make sure it has an appropriate `as` value and it is preloaded intentionally. @ https://vercel.com/wr-dels-projects/word2article/deployments:0
[   36325ms] [WARNING] The resource https://vercel.com/_next/static/immutable/chunks/3u-awfwh864qy.css was preloaded using link preload but not used within a few seconds from the window's load event. Please make sure it has an appropriate `as` value and it is preloaded intentionally. @ https://vercel.com/wr-dels-projects/word2article/deployments:0
[   36325ms] [WARNING] The resource https://vercel.com/_next/static/immutable/chunks/1on8dzgsq8rj3.css was preloaded using link preload but not used within a few seconds from the window's load event. Please make sure it has an appropriate `as` value and it is preloaded intentionally. @ https://vercel.com/wr-dels-projects/word2article/deployments:0
[   36325ms] [WARNING] The resource https://vercel.com/_next/static/immutable/chunks/2trm0mcdarzxi.css was preloaded using link preload but not used within a few seconds from the window's load event. Please make sure it has an appropriate `as` value and it is preloaded intentionally. @ https://vercel.com/wr-dels-projects/word2article/deployments:0
[   36325ms] [WARNING] The resource https://vercel.com/_next/static/immutable/chunks/3dncqglpf567l.css was preloaded using link preload but not used within a few seconds from the window's load event. Please make sure it has an appropriate `as` value and it is preloaded intentionally. @ https://vercel.com/wr-dels-projects/word2article/deployments:0
[   36325ms] [WARNING] The resource https://vercel.com/_next/static/immutable/chunks/1rd3xjd3esung.css was preloaded using link preload but not used within a few seconds from the window's load event. Please make sure it has an appropriate `as` value and it is preloaded intentionally. @ https://vercel.com/wr-dels-projects/word2article/deployments:0
[   36325ms] [WARNING] The resource https://vercel.com/_next/static/immutable/chunks/3fd49nnoyujvi.css was preloaded using link preload but not used within a few seconds from the window's load event. Please make sure it has an appropriate `as` value and it is preloaded intentionally. @ https://vercel.com/wr-dels-projects/word2article/deployments:0
