[    3561ms] [LOG] %c
▲

    ________   _ __ _          ____           __
   /  _/ __/  (_) /( )_____   / __/___ ______/ /_
   / // /_   / / __/// ___/  / /_/ __ `/ ___/ __/
 _/ // __/  / / /_  (__  )  / __/ /_/ (__  ) /_
/___/_/    /_/\__/ /____/  /_/  \__,_/____/\__/
    _ __ _                         _    __                    __
   (_) /( )_____   ____  ____     | |  / /__  _____________  / /
  / / __/// ___/  / __ \/ __ \    | | / / _ \/ ___/ ___/ _ \/ /
 / / /_  (__  )  / /_/ / / / /    | |/ /  __/ /  / /__/  __/ /
/_/\__/ /____/   \____/_/ /_/     |___/\___/_/   \___/\___/_/
  

Hello!

- Open Source https://vercel.com/oss
- Careers https://vercel.com/careers
- Status https://vercel-status.com

 font-family: "Geist Mono", monospace; white-space: pre; line-height: 1; @ https://vercel.com/_next/static/immutable/chunks/0gisdixsvd9-x.js:78
[    5482ms] [WARNING] [GSI_LOGGER]: Your client application uses one of the Google One Tap prompt UI status methods that may stop functioning when FedCM becomes mandatory. Refer to the migration guide to update your code accordingly and opt-in to FedCM to test your changes. Learn more: https://developers.google.com/identity/gsi/web/guides/fedcm-migration?s=dc#display_moment and https://developers.google.com/identity/gsi/web/guides/fedcm-migration?s=dc#skipped_moment @ https://accounts.google.com/gsi/client:86
[    5488ms] [ERROR] Not signed in with the identity provider. @ https://vercel.com/login?next=%2Fdashboard:0
[    6151ms] [WARNING] Deprecated API for given entry type. @ https://vercel.com/_next/static/immutable/chunks/3qsuav06ia3wm.js:18
[    7560ms] [ERROR] Failed to load resource: the server responded with a status of 403 () @ https://vercel.com/api/jwt:0
[   10944ms] [ERROR] [GSI_LOGGER]: FedCM get() rejects with NetworkError: Error retrieving a token. @ https://vercel.com/_next/static/immutable/chunks/3ovi71z2tca4y.js:1
[   11106ms] [WARNING] The resource https://vercel.com/_next/static/immutable/media/ebay-dark.34mho2a18qqlt.svg was preloaded using link preload but not used within a few seconds from the window's load event. Please make sure it has an appropriate `as` value and it is preloaded intentionally. @ https://vercel.com/login?next=%2Fdashboard:0
[   11106ms] [WARNING] The resource https://vercel.com/_next/static/immutable/media/adobe-light.406_7oryl71va.svg was preloaded using link preload but not used within a few seconds from the window's load event. Please make sure it has an appropriate `as` value and it is preloaded intentionally. @ https://vercel.com/login?next=%2Fdashboard:0
[   11106ms] [WARNING] The resource https://vercel.com/_next/static/immutable/chunks/0yd0_h9ujntrg.css was preloaded using link preload but not used within a few seconds from the window's load event. Please make sure it has an appropriate `as` value and it is preloaded intentionally. @ https://vercel.com/login?next=%2Fdashboard:0
[   11106ms] [WARNING] The resource https://vercel.com/_next/static/immutable/media/ebay-light.3ft_ki8203ov0.svg was preloaded using link preload but not used within a few seconds from the window's load event. Please make sure it has an appropriate `as` value and it is preloaded intentionally. @ https://vercel.com/login?next=%2Fdashboard:0
[   11106ms] [WARNING] The resource https://vercel.com/_next/static/immutable/media/adobe-dark.1yc1msmmj95aw.svg was preloaded using link preload but not used within a few seconds from the window's load event. Please make sure it has an appropriate `as` value and it is preloaded intentionally. @ https://vercel.com/login?next=%2Fdashboard:0
[   11106ms] [WARNING] The resource https://vercel.com/_next/static/immutable/media/stripe-light.2l_1jctpe6k_4.svg was preloaded using link preload but not used within a few seconds from the window's load event. Please make sure it has an appropriate `as` value and it is preloaded intentionally. @ https://vercel.com/login?next=%2Fdashboard:0
[   11106ms] [WARNING] The resource https://vercel.com/_next/static/immutable/media/stripe-dark.16ozjth2vgb_3.svg was preloaded using link preload but not used within a few seconds from the window's load event. Please make sure it has an appropriate `as` value and it is preloaded intentionally. @ https://vercel.com/login?next=%2Fdashboard:0
[   11106ms] [WARNING] The resource https://vercel.com/_next/static/immutable/chunks/08pkr-yscsyp6.css was preloaded using link preload but not used within a few seconds from the window's load event. Please make sure it has an appropriate `as` value and it is preloaded intentionally. @ https://vercel.com/login?next=%2Fdashboard:0
[   11106ms] [WARNING] The resource https://vercel.com/_next/static/immutable/chunks/0-shbsz3-8ybx.css was preloaded using link preload but not used within a few seconds from the window's load event. Please make sure it has an appropriate `as` value and it is preloaded intentionally. @ https://vercel.com/login?next=%2Fdashboard:0
[   11249ms] [ERROR] Failed to load resource: the server responded with a status of 429 () @ https://o205439.ingest.sentry.io/api/1323670/envelope/?sentry_key=d00780d432ac4ccf882f60dd02062e14&sentry_version=7&sentry_client=sentry.javascript.browser%2F7.111.0:0
[   66352ms] [LOG] %c
▲

__  __                                     _            __
\ \/ /___  __  __   _________ _____       (_)_  _______/ /_
 \  / __ \/ / / /  / ___/ __ `/ __ \     / / / / / ___/ __/
 / / /_/ / /_/ /  / /__/ /_/ / / / /    / / /_/ (__  ) /_
/_/\____/\__,_/   \___/\__,_/_/ /_/  __/ /\__,_/____/\__/
         __    _          __  __    /___/
   _____/ /_  (_)___     / /_/ /_  (_)___  ____ ______
  / ___/ __ \/ / __ \   / __/ __ \/ / __ \/ __ `/ ___/
 (__  ) / / / / /_/ /  / /_/ / / / / / / / /_/ (__  )
/____/_/ /_/_/ .___/   \__/_/ /_/_/_/ /_/\__, /____/
            /_/                         /____/
  

Hello!

- Open Source https://vercel.com/oss
- Careers https://vercel.com/careers
- Status https://vercel-status.com

 font-family: "Geist Mono", monospace; white-space: pre; line-height: 1; @ https://vercel.com/_next/static/immutable/chunks/0gisdixsvd9-x.js:78
[   69495ms] [ERROR] Failed to load resource: the server responded with a status of 404 () @ https://vercel.com/api/chat/4NtDelltyXyQT451/stream:0
[   69521ms] [WARNING] Deprecated API for given entry type. @ https://vercel.com/_next/static/immutable/chunks/3qsuav06ia3wm.js:18
[   69566ms] [WARNING] [omniagent] chat stream failed Error: {"error":{"code":"not_found","message":"The requested API endpoint was not found."}}
    at oS.reconnectToStream (https://vercel.com/_next/static/immutable/chunks/0nlrio1acyhql.js:38:48063)
    at async ae.makeRequest (https://vercel.com/_next/static/immutable/chunks/0nlrio1acyhql.js:23:47520)
    at async ae.resumeStream (https://vercel.com/_next/static/immutable/chunks/0nlrio1acyhql.js:23:44598) @ https://vercel.com/_next/static/immutable/chunks/3qsuav06ia3wm.js:16
[   75430ms] [WARNING] The resource https://vercel.com/_next/static/immutable/media/caa3a2e1cccd8315.p.0wgildi0cnwt9.woff2 was preloaded using link preload but not used within a few seconds from the window's load event. Please make sure it has an appropriate `as` value and it is preloaded intentionally. @ https://vercel.com/wr-dels-projects:0
[   75430ms] [WARNING] The resource https://vercel.com/_next/static/immutable/chunks/0yd0_h9ujntrg.css was preloaded using link preload but not used within a few seconds from the window's load event. Please make sure it has an appropriate `as` value and it is preloaded intentionally. @ https://vercel.com/wr-dels-projects:0
[   75430ms] [WARNING] The resource https://vercel.com/_next/static/immutable/chunks/2lnta3z95ohb7.css was preloaded using link preload but not used within a few seconds from the window's load event. Please make sure it has an appropriate `as` value and it is preloaded intentionally. @ https://vercel.com/wr-dels-projects:0
[   75430ms] [WARNING] The resource https://vercel.com/_next/static/immutable/chunks/0a2p-ddxufhhz.css was preloaded using link preload but not used within a few seconds from the window's load event. Please make sure it has an appropriate `as` value and it is preloaded intentionally. @ https://vercel.com/wr-dels-projects:0
[   75430ms] [WARNING] The resource https://vercel.com/_next/static/immutable/media/GeistMono_Variable.p.1bcgm0qa26ixg.woff2 was preloaded using link preload but not used within a few seconds from the window's load event. Please make sure it has an appropriate `as` value and it is preloaded intentionally. @ https://vercel.com/wr-dels-projects:0
[   75430ms] [WARNING] The resource https://vercel.com/_next/static/immutable/chunks/012p6cwa_e92y.css was preloaded using link preload but not used within a few seconds from the window's load event. Please make sure it has an appropriate `as` value and it is preloaded intentionally. @ https://vercel.com/wr-dels-projects:0
[   75430ms] [WARNING] The resource https://vercel.com/_next/static/immutable/chunks/3pd_u4hffh-cq.css was preloaded using link preload but not used within a few seconds from the window's load event. Please make sure it has an appropriate `as` value and it is preloaded intentionally. @ https://vercel.com/wr-dels-projects:0
[   75430ms] [WARNING] The resource https://vercel.com/_next/static/immutable/chunks/08pkr-yscsyp6.css was preloaded using link preload but not used within a few seconds from the window's load event. Please make sure it has an appropriate `as` value and it is preloaded intentionally. @ https://vercel.com/wr-dels-projects:0
[   75430ms] [WARNING] The resource https://vercel.com/_next/static/immutable/chunks/1go2vinjiwjy8.css was preloaded using link preload but not used within a few seconds from the window's load event. Please make sure it has an appropriate `as` value and it is preloaded intentionally. @ https://vercel.com/wr-dels-projects:0
[   75430ms] [WARNING] The resource https://vercel.com/_next/static/immutable/chunks/0-shbsz3-8ybx.css was preloaded using link preload but not used within a few seconds from the window's load event. Please make sure it has an appropriate `as` value and it is preloaded intentionally. @ https://vercel.com/wr-dels-projects:0
[   75430ms] [WARNING] The resource https://vercel.com/_next/static/immutable/chunks/11o8uyapqb8ci.css was preloaded using link preload but not used within a few seconds from the window's load event. Please make sure it has an appropriate `as` value and it is preloaded intentionally. @ https://vercel.com/wr-dels-projects:0
[   75430ms] [WARNING] The resource https://vercel.com/_next/static/immutable/chunks/1qn0by1dcdo0p.css was preloaded using link preload but not used within a few seconds from the window's load event. Please make sure it has an appropriate `as` value and it is preloaded intentionally. @ https://vercel.com/wr-dels-projects:0
[   75430ms] [WARNING] The resource https://vercel.com/_next/static/immutable/chunks/3dncqglpf567l.css was preloaded using link preload but not used within a few seconds from the window's load event. Please make sure it has an appropriate `as` value and it is preloaded intentionally. @ https://vercel.com/wr-dels-projects:0
[   75430ms] [WARNING] The resource https://vercel.com/_next/static/immutable/chunks/1rd3xjd3esung.css was preloaded using link preload but not used within a few seconds from the window's load event. Please make sure it has an appropriate `as` value and it is preloaded intentionally. @ https://vercel.com/wr-dels-projects:0
[   75430ms] [WARNING] The resource https://vercel.com/_next/static/immutable/chunks/3bv-6n9ltpz6q.css was preloaded using link preload but not used within a few seconds from the window's load event. Please make sure it has an appropriate `as` value and it is preloaded intentionally. @ https://vercel.com/wr-dels-projects:0
[   75430ms] [WARNING] The resource https://vercel.com/_next/static/immutable/chunks/3-wd1g6ahhrty.css was preloaded using link preload but not used within a few seconds from the window's load event. Please make sure it has an appropriate `as` value and it is preloaded intentionally. @ https://vercel.com/wr-dels-projects:0
[   84864ms] [WARNING] The resource https://vercel.com/_next/static/immutable/media/caa3a2e1cccd8315.p.0wgildi0cnwt9.woff2 was preloaded using link preload but not used within a few seconds from the window's load event. Please make sure it has an appropriate `as` value and it is preloaded intentionally. @ https://vercel.com/wr-dels-projects:0
[   84864ms] [WARNING] The resource https://vercel.com/_next/static/immutable/chunks/0yd0_h9ujntrg.css was preloaded using link preload but not used within a few seconds from the window's load event. Please make sure it has an appropriate `as` value and it is preloaded intentionally. @ https://vercel.com/wr-dels-projects:0
[   84864ms] [WARNING] The resource https://vercel.com/_next/static/immutable/chunks/2lnta3z95ohb7.css was preloaded using link preload but not used within a few seconds from the window's load event. Please make sure it has an appropriate `as` value and it is preloaded intentionally. @ https://vercel.com/wr-dels-projects:0
[   84864ms] [WARNING] The resource https://vercel.com/_next/static/immutable/chunks/0a2p-ddxufhhz.css was preloaded using link preload but not used within a few seconds from the window's load event. Please make sure it has an appropriate `as` value and it is preloaded intentionally. @ https://vercel.com/wr-dels-projects:0
[   84864ms] [WARNING] The resource https://vercel.com/_next/static/immutable/media/GeistMono_Variable.p.1bcgm0qa26ixg.woff2 was preloaded using link preload but not used within a few seconds from the window's load event. Please make sure it has an appropriate `as` value and it is preloaded intentionally. @ https://vercel.com/wr-dels-projects:0
[   84864ms] [WARNING] The resource https://vercel.com/_next/static/immutable/chunks/012p6cwa_e92y.css was preloaded using link preload but not used within a few seconds from the window's load event. Please make sure it has an appropriate `as` value and it is preloaded intentionally. @ https://vercel.com/wr-dels-projects:0
[   84864ms] [WARNING] The resource https://vercel.com/_next/static/immutable/chunks/3pd_u4hffh-cq.css was preloaded using link preload but not used within a few seconds from the window's load event. Please make sure it has an appropriate `as` value and it is preloaded intentionally. @ https://vercel.com/wr-dels-projects:0
[   84864ms] [WARNING] The resource https://vercel.com/_next/static/immutable/chunks/08pkr-yscsyp6.css was preloaded using link preload but not used within a few seconds from the window's load event. Please make sure it has an appropriate `as` value and it is preloaded intentionally. @ https://vercel.com/wr-dels-projects:0
[   84864ms] [WARNING] The resource https://vercel.com/_next/static/immutable/chunks/1go2vinjiwjy8.css was preloaded using link preload but not used within a few seconds from the window's load event. Please make sure it has an appropriate `as` value and it is preloaded intentionally. @ https://vercel.com/wr-dels-projects:0
[   84864ms] [WARNING] The resource https://vercel.com/_next/static/immutable/chunks/0-shbsz3-8ybx.css was preloaded using link preload but not used within a few seconds from the window's load event. Please make sure it has an appropriate `as` value and it is preloaded intentionally. @ https://vercel.com/wr-dels-projects:0
[   84864ms] [WARNING] The resource https://vercel.com/_next/static/immutable/chunks/11o8uyapqb8ci.css was preloaded using link preload but not used within a few seconds from the window's load event. Please make sure it has an appropriate `as` value and it is preloaded intentionally. @ https://vercel.com/wr-dels-projects:0
[   84864ms] [WARNING] The resource https://vercel.com/_next/static/immutable/chunks/1qn0by1dcdo0p.css was preloaded using link preload but not used within a few seconds from the window's load event. Please make sure it has an appropriate `as` value and it is preloaded intentionally. @ https://vercel.com/wr-dels-projects:0
[   84864ms] [WARNING] The resource https://vercel.com/_next/static/immutable/chunks/3dncqglpf567l.css was preloaded using link preload but not used within a few seconds from the window's load event. Please make sure it has an appropriate `as` value and it is preloaded intentionally. @ https://vercel.com/wr-dels-projects:0
[   84864ms] [WARNING] The resource https://vercel.com/_next/static/immutable/chunks/1rd3xjd3esung.css was preloaded using link preload but not used within a few seconds from the window's load event. Please make sure it has an appropriate `as` value and it is preloaded intentionally. @ https://vercel.com/wr-dels-projects:0
[   84864ms] [WARNING] The resource https://vercel.com/_next/static/immutable/chunks/3bv-6n9ltpz6q.css was preloaded using link preload but not used within a few seconds from the window's load event. Please make sure it has an appropriate `as` value and it is preloaded intentionally. @ https://vercel.com/wr-dels-projects:0
[   84864ms] [WARNING] The resource https://vercel.com/_next/static/immutable/chunks/3-wd1g6ahhrty.css was preloaded using link preload but not used within a few seconds from the window's load event. Please make sure it has an appropriate `as` value and it is preloaded intentionally. @ https://vercel.com/wr-dels-projects:0
[   91180ms] [WARNING] The resource https://vercel.com/_next/static/immutable/media/caa3a2e1cccd8315.p.0wgildi0cnwt9.woff2 was preloaded using link preload but not used within a few seconds from the window's load event. Please make sure it has an appropriate `as` value and it is preloaded intentionally. @ https://vercel.com/wr-dels-projects/~/stores:0
[   91181ms] [WARNING] The resource https://vercel.com/_next/static/immutable/chunks/0yd0_h9ujntrg.css was preloaded using link preload but not used within a few seconds from the window's load event. Please make sure it has an appropriate `as` value and it is preloaded intentionally. @ https://vercel.com/wr-dels-projects/~/stores:0
[   91181ms] [WARNING] The resource https://vercel.com/_next/static/immutable/chunks/2lnta3z95ohb7.css was preloaded using link preload but not used within a few seconds from the window's load event. Please make sure it has an appropriate `as` value and it is preloaded intentionally. @ https://vercel.com/wr-dels-projects/~/stores:0
[   91181ms] [WARNING] The resource https://vercel.com/_next/static/immutable/media/GeistMono_Variable.p.1bcgm0qa26ixg.woff2 was preloaded using link preload but not used within a few seconds from the window's load event. Please make sure it has an appropriate `as` value and it is preloaded intentionally. @ https://vercel.com/wr-dels-projects/~/stores:0
[   91181ms] [WARNING] The resource https://vercel.com/_next/static/immutable/chunks/012p6cwa_e92y.css was preloaded using link preload but not used within a few seconds from the window's load event. Please make sure it has an appropriate `as` value and it is preloaded intentionally. @ https://vercel.com/wr-dels-projects/~/stores:0
[   91181ms] [WARNING] The resource https://vercel.com/_next/static/immutable/chunks/3pd_u4hffh-cq.css was preloaded using link preload but not used within a few seconds from the window's load event. Please make sure it has an appropriate `as` value and it is preloaded intentionally. @ https://vercel.com/wr-dels-projects/~/stores:0
[   91181ms] [WARNING] The resource https://vercel.com/_next/static/immutable/chunks/08pkr-yscsyp6.css was preloaded using link preload but not used within a few seconds from the window's load event. Please make sure it has an appropriate `as` value and it is preloaded intentionally. @ https://vercel.com/wr-dels-projects/~/stores:0
[   91181ms] [WARNING] The resource https://vercel.com/_next/static/immutable/chunks/1go2vinjiwjy8.css was preloaded using link preload but not used within a few seconds from the window's load event. Please make sure it has an appropriate `as` value and it is preloaded intentionally. @ https://vercel.com/wr-dels-projects/~/stores:0
[   91181ms] [WARNING] The resource https://vercel.com/_next/static/immutable/chunks/0-shbsz3-8ybx.css was preloaded using link preload but not used within a few seconds from the window's load event. Please make sure it has an appropriate `as` value and it is preloaded intentionally. @ https://vercel.com/wr-dels-projects/~/stores:0
[   91181ms] [WARNING] The resource https://vercel.com/_next/static/immutable/chunks/11o8uyapqb8ci.css was preloaded using link preload but not used within a few seconds from the window's load event. Please make sure it has an appropriate `as` value and it is preloaded intentionally. @ https://vercel.com/wr-dels-projects/~/stores:0
[   91181ms] [WARNING] The resource https://vercel.com/_next/static/immutable/chunks/1qn0by1dcdo0p.css was preloaded using link preload but not used within a few seconds from the window's load event. Please make sure it has an appropriate `as` value and it is preloaded intentionally. @ https://vercel.com/wr-dels-projects/~/stores:0
[   91181ms] [WARNING] The resource https://vercel.com/_next/static/immutable/chunks/3dncqglpf567l.css was preloaded using link preload but not used within a few seconds from the window's load event. Please make sure it has an appropriate `as` value and it is preloaded intentionally. @ https://vercel.com/wr-dels-projects/~/stores:0
[   91181ms] [WARNING] The resource https://vercel.com/_next/static/immutable/chunks/1rd3xjd3esung.css was preloaded using link preload but not used within a few seconds from the window's load event. Please make sure it has an appropriate `as` value and it is preloaded intentionally. @ https://vercel.com/wr-dels-projects/~/stores:0
[   91181ms] [WARNING] The resource https://vercel.com/_next/static/immutable/chunks/3-wd1g6ahhrty.css was preloaded using link preload but not used within a few seconds from the window's load event. Please make sure it has an appropriate `as` value and it is preloaded intentionally. @ https://vercel.com/wr-dels-projects/~/stores:0
[   95490ms] [WARNING] The resource https://vercel.com/_next/static/immutable/media/caa3a2e1cccd8315.p.0wgildi0cnwt9.woff2 was preloaded using link preload but not used within a few seconds from the window's load event. Please make sure it has an appropriate `as` value and it is preloaded intentionally. @ https://vercel.com/wr-dels-projects/~/stores:0
[   95490ms] [WARNING] The resource https://vercel.com/_next/static/immutable/chunks/0yd0_h9ujntrg.css was preloaded using link preload but not used within a few seconds from the window's load event. Please make sure it has an appropriate `as` value and it is preloaded intentionally. @ https://vercel.com/wr-dels-projects/~/stores:0
[   95490ms] [WARNING] The resource https://vercel.com/_next/static/immutable/chunks/2lnta3z95ohb7.css was preloaded using link preload but not used within a few seconds from the window's load event. Please make sure it has an appropriate `as` value and it is preloaded intentionally. @ https://vercel.com/wr-dels-projects/~/stores:0
[   95490ms] [WARNING] The resource https://vercel.com/_next/static/immutable/media/GeistMono_Variable.p.1bcgm0qa26ixg.woff2 was preloaded using link preload but not used within a few seconds from the window's load event. Please make sure it has an appropriate `as` value and it is preloaded intentionally. @ https://vercel.com/wr-dels-projects/~/stores:0
[   95490ms] [WARNING] The resource https://vercel.com/_next/static/immutable/chunks/012p6cwa_e92y.css was preloaded using link preload but not used within a few seconds from the window's load event. Please make sure it has an appropriate `as` value and it is preloaded intentionally. @ https://vercel.com/wr-dels-projects/~/stores:0
[   95490ms] [WARNING] The resource https://vercel.com/_next/static/immutable/chunks/3pd_u4hffh-cq.css was preloaded using link preload but not used within a few seconds from the window's load event. Please make sure it has an appropriate `as` value and it is preloaded intentionally. @ https://vercel.com/wr-dels-projects/~/stores:0
[   95490ms] [WARNING] The resource https://vercel.com/_next/static/immutable/chunks/08pkr-yscsyp6.css was preloaded using link preload but not used within a few seconds from the window's load event. Please make sure it has an appropriate `as` value and it is preloaded intentionally. @ https://vercel.com/wr-dels-projects/~/stores:0
[   95490ms] [WARNING] The resource https://vercel.com/_next/static/immutable/chunks/1go2vinjiwjy8.css was preloaded using link preload but not used within a few seconds from the window's load event. Please make sure it has an appropriate `as` value and it is preloaded intentionally. @ https://vercel.com/wr-dels-projects/~/stores:0
[   95490ms] [WARNING] The resource https://vercel.com/_next/static/immutable/chunks/0-shbsz3-8ybx.css was preloaded using link preload but not used within a few seconds from the window's load event. Please make sure it has an appropriate `as` value and it is preloaded intentionally. @ https://vercel.com/wr-dels-projects/~/stores:0
[   95490ms] [WARNING] The resource https://vercel.com/_next/static/immutable/chunks/11o8uyapqb8ci.css was preloaded using link preload but not used within a few seconds from the window's load event. Please make sure it has an appropriate `as` value and it is preloaded intentionally. @ https://vercel.com/wr-dels-projects/~/stores:0
[   95490ms] [WARNING] The resource https://vercel.com/_next/static/immutable/chunks/1qn0by1dcdo0p.css was preloaded using link preload but not used within a few seconds from the window's load event. Please make sure it has an appropriate `as` value and it is preloaded intentionally. @ https://vercel.com/wr-dels-projects/~/stores:0
[   95490ms] [WARNING] The resource https://vercel.com/_next/static/immutable/chunks/3dncqglpf567l.css was preloaded using link preload but not used within a few seconds from the window's load event. Please make sure it has an appropriate `as` value and it is preloaded intentionally. @ https://vercel.com/wr-dels-projects/~/stores:0
[   95490ms] [WARNING] The resource https://vercel.com/_next/static/immutable/chunks/1rd3xjd3esung.css was preloaded using link preload but not used within a few seconds from the window's load event. Please make sure it has an appropriate `as` value and it is preloaded intentionally. @ https://vercel.com/wr-dels-projects/~/stores:0
[   95490ms] [WARNING] The resource https://vercel.com/_next/static/immutable/chunks/3-wd1g6ahhrty.css was preloaded using link preload but not used within a few seconds from the window's load event. Please make sure it has an appropriate `as` value and it is preloaded intentionally. @ https://vercel.com/wr-dels-projects/~/stores:0
[  108102ms] [WARNING] The resource https://vercel.com/_next/static/immutable/media/caa3a2e1cccd8315.p.0wgildi0cnwt9.woff2 was preloaded using link preload but not used within a few seconds from the window's load event. Please make sure it has an appropriate `as` value and it is preloaded intentionally. @ https://vercel.com/wr-dels-projects/~/stores:0
[  108102ms] [WARNING] The resource https://vercel.com/_next/static/immutable/chunks/0yd0_h9ujntrg.css was preloaded using link preload but not used within a few seconds from the window's load event. Please make sure it has an appropriate `as` value and it is preloaded intentionally. @ https://vercel.com/wr-dels-projects/~/stores:0
[  108102ms] [WARNING] The resource https://vercel.com/_next/static/immutable/chunks/2lnta3z95ohb7.css was preloaded using link preload but not used within a few seconds from the window's load event. Please make sure it has an appropriate `as` value and it is preloaded intentionally. @ https://vercel.com/wr-dels-projects/~/stores:0
[  108102ms] [WARNING] The resource https://vercel.com/_next/static/immutable/media/GeistMono_Variable.p.1bcgm0qa26ixg.woff2 was preloaded using link preload but not used within a few seconds from the window's load event. Please make sure it has an appropriate `as` value and it is preloaded intentionally. @ https://vercel.com/wr-dels-projects/~/stores:0
[  108102ms] [WARNING] The resource https://vercel.com/_next/static/immutable/chunks/012p6cwa_e92y.css was preloaded using link preload but not used within a few seconds from the window's load event. Please make sure it has an appropriate `as` value and it is preloaded intentionally. @ https://vercel.com/wr-dels-projects/~/stores:0
[  108102ms] [WARNING] The resource https://vercel.com/_next/static/immutable/chunks/3pd_u4hffh-cq.css was preloaded using link preload but not used within a few seconds from the window's load event. Please make sure it has an appropriate `as` value and it is preloaded intentionally. @ https://vercel.com/wr-dels-projects/~/stores:0
[  108102ms] [WARNING] The resource https://vercel.com/_next/static/immutable/chunks/08pkr-yscsyp6.css was preloaded using link preload but not used within a few seconds from the window's load event. Please make sure it has an appropriate `as` value and it is preloaded intentionally. @ https://vercel.com/wr-dels-projects/~/stores:0
[  108102ms] [WARNING] The resource https://vercel.com/_next/static/immutable/chunks/1go2vinjiwjy8.css was preloaded using link preload but not used within a few seconds from the window's load event. Please make sure it has an appropriate `as` value and it is preloaded intentionally. @ https://vercel.com/wr-dels-projects/~/stores:0
[  108102ms] [WARNING] The resource https://vercel.com/_next/static/immutable/chunks/0-shbsz3-8ybx.css was preloaded using link preload but not used within a few seconds from the window's load event. Please make sure it has an appropriate `as` value and it is preloaded intentionally. @ https://vercel.com/wr-dels-projects/~/stores:0
[  108102ms] [WARNING] The resource https://vercel.com/_next/static/immutable/chunks/11o8uyapqb8ci.css was preloaded using link preload but not used within a few seconds from the window's load event. Please make sure it has an appropriate `as` value and it is preloaded intentionally. @ https://vercel.com/wr-dels-projects/~/stores:0
[  108102ms] [WARNING] The resource https://vercel.com/_next/static/immutable/chunks/1qn0by1dcdo0p.css was preloaded using link preload but not used within a few seconds from the window's load event. Please make sure it has an appropriate `as` value and it is preloaded intentionally. @ https://vercel.com/wr-dels-projects/~/stores:0
[  108102ms] [WARNING] The resource https://vercel.com/_next/static/immutable/chunks/3dncqglpf567l.css was preloaded using link preload but not used within a few seconds from the window's load event. Please make sure it has an appropriate `as` value and it is preloaded intentionally. @ https://vercel.com/wr-dels-projects/~/stores:0
[  108102ms] [WARNING] The resource https://vercel.com/_next/static/immutable/chunks/1rd3xjd3esung.css was preloaded using link preload but not used within a few seconds from the window's load event. Please make sure it has an appropriate `as` value and it is preloaded intentionally. @ https://vercel.com/wr-dels-projects/~/stores:0
[  108102ms] [WARNING] The resource https://vercel.com/_next/static/immutable/chunks/3-wd1g6ahhrty.css was preloaded using link preload but not used within a few seconds from the window's load event. Please make sure it has an appropriate `as` value and it is preloaded intentionally. @ https://vercel.com/wr-dels-projects/~/stores:0
[  111833ms] [WARNING] The resource https://vercel.com/_next/static/immutable/media/caa3a2e1cccd8315.p.0wgildi0cnwt9.woff2 was preloaded using link preload but not used within a few seconds from the window's load event. Please make sure it has an appropriate `as` value and it is preloaded intentionally. @ https://vercel.com/wr-dels-projects/~/stores:0
[  111833ms] [WARNING] The resource https://vercel.com/_next/static/immutable/chunks/0yd0_h9ujntrg.css was preloaded using link preload but not used within a few seconds from the window's load event. Please make sure it has an appropriate `as` value and it is preloaded intentionally. @ https://vercel.com/wr-dels-projects/~/stores:0
[  111833ms] [WARNING] The resource https://vercel.com/_next/static/immutable/chunks/2lnta3z95ohb7.css was preloaded using link preload but not used within a few seconds from the window's load event. Please make sure it has an appropriate `as` value and it is preloaded intentionally. @ https://vercel.com/wr-dels-projects/~/stores:0
[  111833ms] [WARNING] The resource https://vercel.com/_next/static/immutable/media/GeistMono_Variable.p.1bcgm0qa26ixg.woff2 was preloaded using link preload but not used within a few seconds from the window's load event. Please make sure it has an appropriate `as` value and it is preloaded intentionally. @ https://vercel.com/wr-dels-projects/~/stores:0
[  111833ms] [WARNING] The resource https://vercel.com/_next/static/immutable/chunks/012p6cwa_e92y.css was preloaded using link preload but not used within a few seconds from the window's load event. Please make sure it has an appropriate `as` value and it is preloaded intentionally. @ https://vercel.com/wr-dels-projects/~/stores:0
[  111833ms] [WARNING] The resource https://vercel.com/_next/static/immutable/chunks/3pd_u4hffh-cq.css was preloaded using link preload but not used within a few seconds from the window's load event. Please make sure it has an appropriate `as` value and it is preloaded intentionally. @ https://vercel.com/wr-dels-projects/~/stores:0
[  111833ms] [WARNING] The resource https://vercel.com/_next/static/immutable/chunks/08pkr-yscsyp6.css was preloaded using link preload but not used within a few seconds from the window's load event. Please make sure it has an appropriate `as` value and it is preloaded intentionally. @ https://vercel.com/wr-dels-projects/~/stores:0
[  111833ms] [WARNING] The resource https://vercel.com/_next/static/immutable/chunks/1go2vinjiwjy8.css was preloaded using link preload but not used within a few seconds from the window's load event. Please make sure it has an appropriate `as` value and it is preloaded intentionally. @ https://vercel.com/wr-dels-projects/~/stores:0
[  111833ms] [WARNING] The resource https://vercel.com/_next/static/immutable/chunks/0-shbsz3-8ybx.css was preloaded using link preload but not used within a few seconds from the window's load event. Please make sure it has an appropriate `as` value and it is preloaded intentionally. @ https://vercel.com/wr-dels-projects/~/stores:0
[  111833ms] [WARNING] The resource https://vercel.com/_next/static/immutable/chunks/11o8uyapqb8ci.css was preloaded using link preload but not used within a few seconds from the window's load event. Please make sure it has an appropriate `as` value and it is preloaded intentionally. @ https://vercel.com/wr-dels-projects/~/stores:0
[  111833ms] [WARNING] The resource https://vercel.com/_next/static/immutable/chunks/1qn0by1dcdo0p.css was preloaded using link preload but not used within a few seconds from the window's load event. Please make sure it has an appropriate `as` value and it is preloaded intentionally. @ https://vercel.com/wr-dels-projects/~/stores:0
[  111833ms] [WARNING] The resource https://vercel.com/_next/static/immutable/chunks/3dncqglpf567l.css was preloaded using link preload but not used within a few seconds from the window's load event. Please make sure it has an appropriate `as` value and it is preloaded intentionally. @ https://vercel.com/wr-dels-projects/~/stores:0
[  111833ms] [WARNING] The resource https://vercel.com/_next/static/immutable/chunks/1rd3xjd3esung.css was preloaded using link preload but not used within a few seconds from the window's load event. Please make sure it has an appropriate `as` value and it is preloaded intentionally. @ https://vercel.com/wr-dels-projects/~/stores:0
[  111833ms] [WARNING] The resource https://vercel.com/_next/static/immutable/chunks/3-wd1g6ahhrty.css was preloaded using link preload but not used within a few seconds from the window's load event. Please make sure it has an appropriate `as` value and it is preloaded intentionally. @ https://vercel.com/wr-dels-projects/~/stores:0
[  126577ms] [WARNING] The resource https://vercel.com/_next/static/immutable/media/caa3a2e1cccd8315.p.0wgildi0cnwt9.woff2 was preloaded using link preload but not used within a few seconds from the window's load event. Please make sure it has an appropriate `as` value and it is preloaded intentionally. @ https://vercel.com/wr-dels-projects/~/stores:0
[  126577ms] [WARNING] The resource https://vercel.com/_next/static/immutable/chunks/0yd0_h9ujntrg.css was preloaded using link preload but not used within a few seconds from the window's load event. Please make sure it has an appropriate `as` value and it is preloaded intentionally. @ https://vercel.com/wr-dels-projects/~/stores:0
[  126577ms] [WARNING] The resource https://vercel.com/_next/static/immutable/chunks/2lnta3z95ohb7.css was preloaded using link preload but not used within a few seconds from the window's load event. Please make sure it has an appropriate `as` value and it is preloaded intentionally. @ https://vercel.com/wr-dels-projects/~/stores:0
[  126577ms] [WARNING] The resource https://vercel.com/_next/static/immutable/media/GeistMono_Variable.p.1bcgm0qa26ixg.woff2 was preloaded using link preload but not used within a few seconds from the window's load event. Please make sure it has an appropriate `as` value and it is preloaded intentionally. @ https://vercel.com/wr-dels-projects/~/stores:0
[  126577ms] [WARNING] The resource https://vercel.com/_next/static/immutable/chunks/012p6cwa_e92y.css was preloaded using link preload but not used within a few seconds from the window's load event. Please make sure it has an appropriate `as` value and it is preloaded intentionally. @ https://vercel.com/wr-dels-projects/~/stores:0
[  126577ms] [WARNING] The resource https://vercel.com/_next/static/immutable/chunks/3pd_u4hffh-cq.css was preloaded using link preload but not used within a few seconds from the window's load event. Please make sure it has an appropriate `as` value and it is preloaded intentionally. @ https://vercel.com/wr-dels-projects/~/stores:0
[  126577ms] [WARNING] The resource https://vercel.com/_next/static/immutable/chunks/08pkr-yscsyp6.css was preloaded using link preload but not used within a few seconds from the window's load event. Please make sure it has an appropriate `as` value and it is preloaded intentionally. @ https://vercel.com/wr-dels-projects/~/stores:0
[  126577ms] [WARNING] The resource https://vercel.com/_next/static/immutable/chunks/1go2vinjiwjy8.css was preloaded using link preload but not used within a few seconds from the window's load event. Please make sure it has an appropriate `as` value and it is preloaded intentionally. @ https://vercel.com/wr-dels-projects/~/stores:0
[  126577ms] [WARNING] The resource https://vercel.com/_next/static/immutable/chunks/0-shbsz3-8ybx.css was preloaded using link preload but not used within a few seconds from the window's load event. Please make sure it has an appropriate `as` value and it is preloaded intentionally. @ https://vercel.com/wr-dels-projects/~/stores:0
[  126577ms] [WARNING] The resource https://vercel.com/_next/static/immutable/chunks/11o8uyapqb8ci.css was preloaded using link preload but not used within a few seconds from the window's load event. Please make sure it has an appropriate `as` value and it is preloaded intentionally. @ https://vercel.com/wr-dels-projects/~/stores:0
[  126577ms] [WARNING] The resource https://vercel.com/_next/static/immutable/chunks/1qn0by1dcdo0p.css was preloaded using link preload but not used within a few seconds from the window's load event. Please make sure it has an appropriate `as` value and it is preloaded intentionally. @ https://vercel.com/wr-dels-projects/~/stores:0
[  126577ms] [WARNING] The resource https://vercel.com/_next/static/immutable/chunks/3dncqglpf567l.css was preloaded using link preload but not used within a few seconds from the window's load event. Please make sure it has an appropriate `as` value and it is preloaded intentionally. @ https://vercel.com/wr-dels-projects/~/stores:0
[  126577ms] [WARNING] The resource https://vercel.com/_next/static/immutable/chunks/1rd3xjd3esung.css was preloaded using link preload but not used within a few seconds from the window's load event. Please make sure it has an appropriate `as` value and it is preloaded intentionally. @ https://vercel.com/wr-dels-projects/~/stores:0
[  126577ms] [WARNING] The resource https://vercel.com/_next/static/immutable/chunks/3-wd1g6ahhrty.css was preloaded using link preload but not used within a few seconds from the window's load event. Please make sure it has an appropriate `as` value and it is preloaded intentionally. @ https://vercel.com/wr-dels-projects/~/stores:0
[  155941ms] [WARNING] The resource https://vercel.com/_next/static/immutable/media/caa3a2e1cccd8315.p.0wgildi0cnwt9.woff2 was preloaded using link preload but not used within a few seconds from the window's load event. Please make sure it has an appropriate `as` value and it is preloaded intentionally. @ https://vercel.com/wr-dels-projects/~/stores:0
[  155941ms] [WARNING] The resource https://vercel.com/_next/static/immutable/chunks/0yd0_h9ujntrg.css was preloaded using link preload but not used within a few seconds from the window's load event. Please make sure it has an appropriate `as` value and it is preloaded intentionally. @ https://vercel.com/wr-dels-projects/~/stores:0
[  155941ms] [WARNING] The resource https://vercel.com/_next/static/immutable/chunks/2lnta3z95ohb7.css was preloaded using link preload but not used within a few seconds from the window's load event. Please make sure it has an appropriate `as` value and it is preloaded intentionally. @ https://vercel.com/wr-dels-projects/~/stores:0
[  155941ms] [WARNING] The resource https://vercel.com/_next/static/immutable/media/GeistMono_Variable.p.1bcgm0qa26ixg.woff2 was preloaded using link preload but not used within a few seconds from the window's load event. Please make sure it has an appropriate `as` value and it is preloaded intentionally. @ https://vercel.com/wr-dels-projects/~/stores:0
[  155941ms] [WARNING] The resource https://vercel.com/_next/static/immutable/chunks/012p6cwa_e92y.css was preloaded using link preload but not used within a few seconds from the window's load event. Please make sure it has an appropriate `as` value and it is preloaded intentionally. @ https://vercel.com/wr-dels-projects/~/stores:0
[  155941ms] [WARNING] The resource https://vercel.com/_next/static/immutable/chunks/3pd_u4hffh-cq.css was preloaded using link preload but not used within a few seconds from the window's load event. Please make sure it has an appropriate `as` value and it is preloaded intentionally. @ https://vercel.com/wr-dels-projects/~/stores:0
[  155941ms] [WARNING] The resource https://vercel.com/_next/static/immutable/chunks/08pkr-yscsyp6.css was preloaded using link preload but not used within a few seconds from the window's load event. Please make sure it has an appropriate `as` value and it is preloaded intentionally. @ https://vercel.com/wr-dels-projects/~/stores:0
[  155941ms] [WARNING] The resource https://vercel.com/_next/static/immutable/chunks/1go2vinjiwjy8.css was preloaded using link preload but not used within a few seconds from the window's load event. Please make sure it has an appropriate `as` value and it is preloaded intentionally. @ https://vercel.com/wr-dels-projects/~/stores:0
[  155941ms] [WARNING] The resource https://vercel.com/_next/static/immutable/chunks/0-shbsz3-8ybx.css was preloaded using link preload but not used within a few seconds from the window's load event. Please make sure it has an appropriate `as` value and it is preloaded intentionally. @ https://vercel.com/wr-dels-projects/~/stores:0
[  155941ms] [WARNING] The resource https://vercel.com/_next/static/immutable/chunks/11o8uyapqb8ci.css was preloaded using link preload but not used within a few seconds from the window's load event. Please make sure it has an appropriate `as` value and it is preloaded intentionally. @ https://vercel.com/wr-dels-projects/~/stores:0
[  155941ms] [WARNING] The resource https://vercel.com/_next/static/immutable/chunks/1qn0by1dcdo0p.css was preloaded using link preload but not used within a few seconds from the window's load event. Please make sure it has an appropriate `as` value and it is preloaded intentionally. @ https://vercel.com/wr-dels-projects/~/stores:0
[  155941ms] [WARNING] The resource https://vercel.com/_next/static/immutable/chunks/3dncqglpf567l.css was preloaded using link preload but not used within a few seconds from the window's load event. Please make sure it has an appropriate `as` value and it is preloaded intentionally. @ https://vercel.com/wr-dels-projects/~/stores:0
[  155941ms] [WARNING] The resource https://vercel.com/_next/static/immutable/chunks/1rd3xjd3esung.css was preloaded using link preload but not used within a few seconds from the window's load event. Please make sure it has an appropriate `as` value and it is preloaded intentionally. @ https://vercel.com/wr-dels-projects/~/stores:0
[  155941ms] [WARNING] The resource https://vercel.com/_next/static/immutable/chunks/3-wd1g6ahhrty.css was preloaded using link preload but not used within a few seconds from the window's load event. Please make sure it has an appropriate `as` value and it is preloaded intentionally. @ https://vercel.com/wr-dels-projects/~/stores:0
[  197052ms] [WARNING] The resource https://vercel.com/_next/static/immutable/media/caa3a2e1cccd8315.p.0wgildi0cnwt9.woff2 was preloaded using link preload but not used within a few seconds from the window's load event. Please make sure it has an appropriate `as` value and it is preloaded intentionally. @ https://vercel.com/wr-dels-projects/~/stores:0
[  197052ms] [WARNING] The resource https://vercel.com/_next/static/immutable/chunks/0yd0_h9ujntrg.css was preloaded using link preload but not used within a few seconds from the window's load event. Please make sure it has an appropriate `as` value and it is preloaded intentionally. @ https://vercel.com/wr-dels-projects/~/stores:0
[  197052ms] [WARNING] The resource https://vercel.com/_next/static/immutable/chunks/2lnta3z95ohb7.css was preloaded using link preload but not used within a few seconds from the window's load event. Please make sure it has an appropriate `as` value and it is preloaded intentionally. @ https://vercel.com/wr-dels-projects/~/stores:0
[  197052ms] [WARNING] The resource https://vercel.com/_next/static/immutable/media/GeistMono_Variable.p.1bcgm0qa26ixg.woff2 was preloaded using link preload but not used within a few seconds from the window's load event. Please make sure it has an appropriate `as` value and it is preloaded intentionally. @ https://vercel.com/wr-dels-projects/~/stores:0
[  197052ms] [WARNING] The resource https://vercel.com/_next/static/immutable/chunks/012p6cwa_e92y.css was preloaded using link preload but not used within a few seconds from the window's load event. Please make sure it has an appropriate `as` value and it is preloaded intentionally. @ https://vercel.com/wr-dels-projects/~/stores:0
[  197052ms] [WARNING] The resource https://vercel.com/_next/static/immutable/chunks/3pd_u4hffh-cq.css was preloaded using link preload but not used within a few seconds from the window's load event. Please make sure it has an appropriate `as` value and it is preloaded intentionally. @ https://vercel.com/wr-dels-projects/~/stores:0
[  197052ms] [WARNING] The resource https://vercel.com/_next/static/immutable/chunks/08pkr-yscsyp6.css was preloaded using link preload but not used within a few seconds from the window's load event. Please make sure it has an appropriate `as` value and it is preloaded intentionally. @ https://vercel.com/wr-dels-projects/~/stores:0
[  197052ms] [WARNING] The resource https://vercel.com/_next/static/immutable/chunks/1go2vinjiwjy8.css was preloaded using link preload but not used within a few seconds from the window's load event. Please make sure it has an appropriate `as` value and it is preloaded intentionally. @ https://vercel.com/wr-dels-projects/~/stores:0
[  197052ms] [WARNING] The resource https://vercel.com/_next/static/immutable/chunks/0-shbsz3-8ybx.css was preloaded using link preload but not used within a few seconds from the window's load event. Please make sure it has an appropriate `as` value and it is preloaded intentionally. @ https://vercel.com/wr-dels-projects/~/stores:0
[  197052ms] [WARNING] The resource https://vercel.com/_next/static/immutable/chunks/11o8uyapqb8ci.css was preloaded using link preload but not used within a few seconds from the window's load event. Please make sure it has an appropriate `as` value and it is preloaded intentionally. @ https://vercel.com/wr-dels-projects/~/stores:0
[  197052ms] [WARNING] The resource https://vercel.com/_next/static/immutable/chunks/1qn0by1dcdo0p.css was preloaded using link preload but not used within a few seconds from the window's load event. Please make sure it has an appropriate `as` value and it is preloaded intentionally. @ https://vercel.com/wr-dels-projects/~/stores:0
[  197052ms] [WARNING] The resource https://vercel.com/_next/static/immutable/chunks/3dncqglpf567l.css was preloaded using link preload but not used within a few seconds from the window's load event. Please make sure it has an appropriate `as` value and it is preloaded intentionally. @ https://vercel.com/wr-dels-projects/~/stores:0
[  197052ms] [WARNING] The resource https://vercel.com/_next/static/immutable/chunks/1rd3xjd3esung.css was preloaded using link preload but not used within a few seconds from the window's load event. Please make sure it has an appropriate `as` value and it is preloaded intentionally. @ https://vercel.com/wr-dels-projects/~/stores:0
[  197052ms] [WARNING] The resource https://vercel.com/_next/static/immutable/chunks/3-wd1g6ahhrty.css was preloaded using link preload but not used within a few seconds from the window's load event. Please make sure it has an appropriate `as` value and it is preloaded intentionally. @ https://vercel.com/wr-dels-projects/~/stores:0
[  236434ms] [WARNING] The resource https://vercel.com/_next/static/immutable/media/caa3a2e1cccd8315.p.0wgildi0cnwt9.woff2 was preloaded using link preload but not used within a few seconds from the window's load event. Please make sure it has an appropriate `as` value and it is preloaded intentionally. @ https://vercel.com/wr-dels-projects/~/integrations/prisma/icfg_9iunwtuBJwN6aV6VOsiYhjoj/resources/storage/store_xxTSYrF5pF2xqNDJ/guides:0
[  236434ms] [WARNING] The resource https://vercel.com/_next/static/immutable/chunks/0yd0_h9ujntrg.css was preloaded using link preload but not used within a few seconds from the window's load event. Please make sure it has an appropriate `as` value and it is preloaded intentionally. @ https://vercel.com/wr-dels-projects/~/integrations/prisma/icfg_9iunwtuBJwN6aV6VOsiYhjoj/resources/storage/store_xxTSYrF5pF2xqNDJ/guides:0
[  236434ms] [WARNING] The resource https://vercel.com/_next/static/immutable/chunks/18pjg4dv8p6cs.css was preloaded using link preload but not used within a few seconds from the window's load event. Please make sure it has an appropriate `as` value and it is preloaded intentionally. @ https://vercel.com/wr-dels-projects/~/integrations/prisma/icfg_9iunwtuBJwN6aV6VOsiYhjoj/resources/storage/store_xxTSYrF5pF2xqNDJ/guides:0
[  236434ms] [WARNING] The resource https://vercel.com/_next/static/immutable/chunks/2lnta3z95ohb7.css was preloaded using link preload but not used within a few seconds from the window's load event. Please make sure it has an appropriate `as` value and it is preloaded intentionally. @ https://vercel.com/wr-dels-projects/~/integrations/prisma/icfg_9iunwtuBJwN6aV6VOsiYhjoj/resources/storage/store_xxTSYrF5pF2xqNDJ/guides:0
[  236434ms] [WARNING] The resource https://vercel.com/_next/static/immutable/media/GeistMono_Variable.p.1bcgm0qa26ixg.woff2 was preloaded using link preload but not used within a few seconds from the window's load event. Please make sure it has an appropriate `as` value and it is preloaded intentionally. @ https://vercel.com/wr-dels-projects/~/integrations/prisma/icfg_9iunwtuBJwN6aV6VOsiYhjoj/resources/storage/store_xxTSYrF5pF2xqNDJ/guides:0
[  236434ms] [WARNING] The resource https://vercel.com/_next/static/immutable/chunks/012p6cwa_e92y.css was preloaded using link preload but not used within a few seconds from the window's load event. Please make sure it has an appropriate `as` value and it is preloaded intentionally. @ https://vercel.com/wr-dels-projects/~/integrations/prisma/icfg_9iunwtuBJwN6aV6VOsiYhjoj/resources/storage/store_xxTSYrF5pF2xqNDJ/guides:0
[  236434ms] [WARNING] The resource https://vercel.com/_next/static/immutable/chunks/3pd_u4hffh-cq.css was preloaded using link preload but not used within a few seconds from the window's load event. Please make sure it has an appropriate `as` value and it is preloaded intentionally. @ https://vercel.com/wr-dels-projects/~/integrations/prisma/icfg_9iunwtuBJwN6aV6VOsiYhjoj/resources/storage/store_xxTSYrF5pF2xqNDJ/guides:0
[  236434ms] [WARNING] The resource https://vercel.com/_next/static/immutable/chunks/2mb5ftipbkmcz.css was preloaded using link preload but not used within a few seconds from the window's load event. Please make sure it has an appropriate `as` value and it is preloaded intentionally. @ https://vercel.com/wr-dels-projects/~/integrations/prisma/icfg_9iunwtuBJwN6aV6VOsiYhjoj/resources/storage/store_xxTSYrF5pF2xqNDJ/guides:0
[  236434ms] [WARNING] The resource https://vercel.com/_next/static/immutable/chunks/08pkr-yscsyp6.css was preloaded using link preload but not used within a few seconds from the window's load event. Please make sure it has an appropriate `as` value and it is preloaded intentionally. @ https://vercel.com/wr-dels-projects/~/integrations/prisma/icfg_9iunwtuBJwN6aV6VOsiYhjoj/resources/storage/store_xxTSYrF5pF2xqNDJ/guides:0
[  236434ms] [WARNING] The resource https://vercel.com/_next/static/immutable/chunks/1go2vinjiwjy8.css was preloaded using link preload but not used within a few seconds from the window's load event. Please make sure it has an appropriate `as` value and it is preloaded intentionally. @ https://vercel.com/wr-dels-projects/~/integrations/prisma/icfg_9iunwtuBJwN6aV6VOsiYhjoj/resources/storage/store_xxTSYrF5pF2xqNDJ/guides:0
[  236434ms] [WARNING] The resource https://vercel.com/_next/static/immutable/chunks/0-shbsz3-8ybx.css was preloaded using link preload but not used within a few seconds from the window's load event. Please make sure it has an appropriate `as` value and it is preloaded intentionally. @ https://vercel.com/wr-dels-projects/~/integrations/prisma/icfg_9iunwtuBJwN6aV6VOsiYhjoj/resources/storage/store_xxTSYrF5pF2xqNDJ/guides:0
[  236434ms] [WARNING] The resource https://vercel.com/_next/static/immutable/chunks/0pnfll1ctqf-7.css was preloaded using link preload but not used within a few seconds from the window's load event. Please make sure it has an appropriate `as` value and it is preloaded intentionally. @ https://vercel.com/wr-dels-projects/~/integrations/prisma/icfg_9iunwtuBJwN6aV6VOsiYhjoj/resources/storage/store_xxTSYrF5pF2xqNDJ/guides:0
[  236434ms] [WARNING] The resource https://vercel.com/_next/static/immutable/chunks/24yw4ysqa0-yr.css was preloaded using link preload but not used within a few seconds from the window's load event. Please make sure it has an appropriate `as` value and it is preloaded intentionally. @ https://vercel.com/wr-dels-projects/~/integrations/prisma/icfg_9iunwtuBJwN6aV6VOsiYhjoj/resources/storage/store_xxTSYrF5pF2xqNDJ/guides:0
[  236434ms] [WARNING] The resource https://vercel.com/_next/static/immutable/chunks/11o8uyapqb8ci.css was preloaded using link preload but not used within a few seconds from the window's load event. Please make sure it has an appropriate `as` value and it is preloaded intentionally. @ https://vercel.com/wr-dels-projects/~/integrations/prisma/icfg_9iunwtuBJwN6aV6VOsiYhjoj/resources/storage/store_xxTSYrF5pF2xqNDJ/guides:0
[  236434ms] [WARNING] The resource https://vercel.com/_next/static/immutable/chunks/1qn0by1dcdo0p.css was preloaded using link preload but not used within a few seconds from the window's load event. Please make sure it has an appropriate `as` value and it is preloaded intentionally. @ https://vercel.com/wr-dels-projects/~/integrations/prisma/icfg_9iunwtuBJwN6aV6VOsiYhjoj/resources/storage/store_xxTSYrF5pF2xqNDJ/guides:0
[  236434ms] [WARNING] The resource https://vercel.com/_next/static/immutable/chunks/3dncqglpf567l.css was preloaded using link preload but not used within a few seconds from the window's load event. Please make sure it has an appropriate `as` value and it is preloaded intentionally. @ https://vercel.com/wr-dels-projects/~/integrations/prisma/icfg_9iunwtuBJwN6aV6VOsiYhjoj/resources/storage/store_xxTSYrF5pF2xqNDJ/guides:0
[  236434ms] [WARNING] The resource https://vercel.com/_next/static/immutable/chunks/1rd3xjd3esung.css was preloaded using link preload but not used within a few seconds from the window's load event. Please make sure it has an appropriate `as` value and it is preloaded intentionally. @ https://vercel.com/wr-dels-projects/~/integrations/prisma/icfg_9iunwtuBJwN6aV6VOsiYhjoj/resources/storage/store_xxTSYrF5pF2xqNDJ/guides:0
[  236434ms] [WARNING] The resource https://vercel.com/_next/static/immutable/chunks/3-wd1g6ahhrty.css was preloaded using link preload but not used within a few seconds from the window's load event. Please make sure it has an appropriate `as` value and it is preloaded intentionally. @ https://vercel.com/wr-dels-projects/~/integrations/prisma/icfg_9iunwtuBJwN6aV6VOsiYhjoj/resources/storage/store_xxTSYrF5pF2xqNDJ/guides:0
[  242775ms] [WARNING] The resource https://vercel.com/_next/static/immutable/media/caa3a2e1cccd8315.p.0wgildi0cnwt9.woff2 was preloaded using link preload but not used within a few seconds from the window's load event. Please make sure it has an appropriate `as` value and it is preloaded intentionally. @ https://vercel.com/wr-dels-projects/~/integrations/prisma/icfg_9iunwtuBJwN6aV6VOsiYhjoj/resources/storage/store_xxTSYrF5pF2xqNDJ/guides:0
[  242775ms] [WARNING] The resource https://vercel.com/_next/static/immutable/chunks/0yd0_h9ujntrg.css was preloaded using link preload but not used within a few seconds from the window's load event. Please make sure it has an appropriate `as` value and it is preloaded intentionally. @ https://vercel.com/wr-dels-projects/~/integrations/prisma/icfg_9iunwtuBJwN6aV6VOsiYhjoj/resources/storage/store_xxTSYrF5pF2xqNDJ/guides:0
[  242775ms] [WARNING] The resource https://vercel.com/_next/static/immutable/chunks/18pjg4dv8p6cs.css was preloaded using link preload but not used within a few seconds from the window's load event. Please make sure it has an appropriate `as` value and it is preloaded intentionally. @ https://vercel.com/wr-dels-projects/~/integrations/prisma/icfg_9iunwtuBJwN6aV6VOsiYhjoj/resources/storage/store_xxTSYrF5pF2xqNDJ/guides:0
[  242775ms] [WARNING] The resource https://vercel.com/_next/static/immutable/chunks/2lnta3z95ohb7.css was preloaded using link preload but not used within a few seconds from the window's load event. Please make sure it has an appropriate `as` value and it is preloaded intentionally. @ https://vercel.com/wr-dels-projects/~/integrations/prisma/icfg_9iunwtuBJwN6aV6VOsiYhjoj/resources/storage/store_xxTSYrF5pF2xqNDJ/guides:0
[  242775ms] [WARNING] The resource https://vercel.com/_next/static/immutable/media/GeistMono_Variable.p.1bcgm0qa26ixg.woff2 was preloaded using link preload but not used within a few seconds from the window's load event. Please make sure it has an appropriate `as` value and it is preloaded intentionally. @ https://vercel.com/wr-dels-projects/~/integrations/prisma/icfg_9iunwtuBJwN6aV6VOsiYhjoj/resources/storage/store_xxTSYrF5pF2xqNDJ/guides:0
[  242775ms] [WARNING] The resource https://vercel.com/_next/static/immutable/chunks/012p6cwa_e92y.css was preloaded using link preload but not used within a few seconds from the window's load event. Please make sure it has an appropriate `as` value and it is preloaded intentionally. @ https://vercel.com/wr-dels-projects/~/integrations/prisma/icfg_9iunwtuBJwN6aV6VOsiYhjoj/resources/storage/store_xxTSYrF5pF2xqNDJ/guides:0
[  242775ms] [WARNING] The resource https://vercel.com/_next/static/immutable/chunks/3pd_u4hffh-cq.css was preloaded using link preload but not used within a few seconds from the window's load event. Please make sure it has an appropriate `as` value and it is preloaded intentionally. @ https://vercel.com/wr-dels-projects/~/integrations/prisma/icfg_9iunwtuBJwN6aV6VOsiYhjoj/resources/storage/store_xxTSYrF5pF2xqNDJ/guides:0
[  242775ms] [WARNING] The resource https://vercel.com/_next/static/immutable/chunks/2mb5ftipbkmcz.css was preloaded using link preload but not used within a few seconds from the window's load event. Please make sure it has an appropriate `as` value and it is preloaded intentionally. @ https://vercel.com/wr-dels-projects/~/integrations/prisma/icfg_9iunwtuBJwN6aV6VOsiYhjoj/resources/storage/store_xxTSYrF5pF2xqNDJ/guides:0
[  242775ms] [WARNING] The resource https://vercel.com/_next/static/immutable/chunks/08pkr-yscsyp6.css was preloaded using link preload but not used within a few seconds from the window's load event. Please make sure it has an appropriate `as` value and it is preloaded intentionally. @ https://vercel.com/wr-dels-projects/~/integrations/prisma/icfg_9iunwtuBJwN6aV6VOsiYhjoj/resources/storage/store_xxTSYrF5pF2xqNDJ/guides:0
[  242776ms] [WARNING] The resource https://vercel.com/_next/static/immutable/chunks/1go2vinjiwjy8.css was preloaded using link preload but not used within a few seconds from the window's load event. Please make sure it has an appropriate `as` value and it is preloaded intentionally. @ https://vercel.com/wr-dels-projects/~/integrations/prisma/icfg_9iunwtuBJwN6aV6VOsiYhjoj/resources/storage/store_xxTSYrF5pF2xqNDJ/guides:0
[  242776ms] [WARNING] The resource https://vercel.com/_next/static/immutable/chunks/0-shbsz3-8ybx.css was preloaded using link preload but not used within a few seconds from the window's load event. Please make sure it has an appropriate `as` value and it is preloaded intentionally. @ https://vercel.com/wr-dels-projects/~/integrations/prisma/icfg_9iunwtuBJwN6aV6VOsiYhjoj/resources/storage/store_xxTSYrF5pF2xqNDJ/guides:0
[  242776ms] [WARNING] The resource https://vercel.com/_next/static/immutable/chunks/0pnfll1ctqf-7.css was preloaded using link preload but not used within a few seconds from the window's load event. Please make sure it has an appropriate `as` value and it is preloaded intentionally. @ https://vercel.com/wr-dels-projects/~/integrations/prisma/icfg_9iunwtuBJwN6aV6VOsiYhjoj/resources/storage/store_xxTSYrF5pF2xqNDJ/guides:0
[  242776ms] [WARNING] The resource https://vercel.com/_next/static/immutable/chunks/24yw4ysqa0-yr.css was preloaded using link preload but not used within a few seconds from the window's load event. Please make sure it has an appropriate `as` value and it is preloaded intentionally. @ https://vercel.com/wr-dels-projects/~/integrations/prisma/icfg_9iunwtuBJwN6aV6VOsiYhjoj/resources/storage/store_xxTSYrF5pF2xqNDJ/guides:0
[  242776ms] [WARNING] The resource https://vercel.com/_next/static/immutable/chunks/11o8uyapqb8ci.css was preloaded using link preload but not used within a few seconds from the window's load event. Please make sure it has an appropriate `as` value and it is preloaded intentionally. @ https://vercel.com/wr-dels-projects/~/integrations/prisma/icfg_9iunwtuBJwN6aV6VOsiYhjoj/resources/storage/store_xxTSYrF5pF2xqNDJ/guides:0
[  242776ms] [WARNING] The resource https://vercel.com/_next/static/immutable/chunks/1qn0by1dcdo0p.css was preloaded using link preload but not used within a few seconds from the window's load event. Please make sure it has an appropriate `as` value and it is preloaded intentionally. @ https://vercel.com/wr-dels-projects/~/integrations/prisma/icfg_9iunwtuBJwN6aV6VOsiYhjoj/resources/storage/store_xxTSYrF5pF2xqNDJ/guides:0
[  242776ms] [WARNING] The resource https://vercel.com/_next/static/immutable/chunks/3dncqglpf567l.css was preloaded using link preload but not used within a few seconds from the window's load event. Please make sure it has an appropriate `as` value and it is preloaded intentionally. @ https://vercel.com/wr-dels-projects/~/integrations/prisma/icfg_9iunwtuBJwN6aV6VOsiYhjoj/resources/storage/store_xxTSYrF5pF2xqNDJ/guides:0
[  242776ms] [WARNING] The resource https://vercel.com/_next/static/immutable/chunks/1rd3xjd3esung.css was preloaded using link preload but not used within a few seconds from the window's load event. Please make sure it has an appropriate `as` value and it is preloaded intentionally. @ https://vercel.com/wr-dels-projects/~/integrations/prisma/icfg_9iunwtuBJwN6aV6VOsiYhjoj/resources/storage/store_xxTSYrF5pF2xqNDJ/guides:0
[  242776ms] [WARNING] The resource https://vercel.com/_next/static/immutable/chunks/3-wd1g6ahhrty.css was preloaded using link preload but not used within a few seconds from the window's load event. Please make sure it has an appropriate `as` value and it is preloaded intentionally. @ https://vercel.com/wr-dels-projects/~/integrations/prisma/icfg_9iunwtuBJwN6aV6VOsiYhjoj/resources/storage/store_xxTSYrF5pF2xqNDJ/guides:0
