[      -4ms] [ERROR] The Content Security Policy directive 'upgrade-insecure-requests' is ignored when delivered in a report-only policy. @ https://www.douyin.com/user/MS4wLjABAAAAANSG2ii-j-_lUq-b3INlGbfoADdryUYNCXRcWH0a8uE?author_id=81301761209&enter_from=video_detail&enter_method=video_title&from_gid=7621054530252516282&from_tab_name=main&group_id=7621054530252516282&log_pb=%7B%22impr_id%22%3A%22202606271133219DBFA55BB611D2739919%22%7D&relation=0&vid=7621054530252516282:0
[      17ms] [LOG] init slardar @ https://www.douyin.com/user/MS4wLjABAAAAANSG2ii-j-_lUq-b3INlGbfoADdryUYNCXRcWH0a8uE?author_id=81301761209&enter_from=video_detail&enter_method=video_title&from_gid=7621054530252516282&from_tab_name=main&group_id=7621054530252516282&log_pb=%7B%22impr_id%22%3A%22202606271133219DBFA55BB611D2739919%22%7D&relation=0&vid=7621054530252516282:21
[      17ms] [LOG] init slardar success @ https://www.douyin.com/user/MS4wLjABAAAAANSG2ii-j-_lUq-b3INlGbfoADdryUYNCXRcWH0a8uE?author_id=81301761209&enter_from=video_detail&enter_method=video_title&from_gid=7621054530252516282&from_tab_name=main&group_id=7621054530252516282&log_pb=%7B%22impr_id%22%3A%22202606271133219DBFA55BB611D2739919%22%7D&relation=0&vid=7621054530252516282:101
[     846ms] Error: Minified React error #418; visit https://reactjs.org/docs/error-decoder.html?invariant=418 for the full message or use the non-minified dev environment for full errors and additional helpful warnings.
    at tK (https://lf-douyin-pc-web.douyinstatic.com/obj/douyin-pc-web/ies/douyin_web/framework.678fa39b.js:2:161665)
    at ig (https://lf-douyin-pc-web.douyinstatic.com/obj/douyin-pc-web/ies/douyin_web/framework.678fa39b.js:2:248639)
    at oL (https://lf-douyin-pc-web.douyinstatic.com/obj/douyin-pc-web/ies/douyin_web/framework.678fa39b.js:2:229096)
    at https://lf-douyin-pc-web.douyinstatic.com/obj/douyin-pc-web/ies/douyin_web/framework.678fa39b.js:2:225263
    at https://lf-douyin-pc-web.douyinstatic.com/obj/douyin-pc-web/ies/douyin_web/framework.678fa39b.js:2:225271
    at oy (https://lf-douyin-pc-web.douyinstatic.com/obj/douyin-pc-web/ies/douyin_web/framework.678fa39b.js:2:225376)
    at MessagePort.P (https://lf-douyin-pc-web.douyinstatic.com/obj/douyin-pc-web/ies/douyin_web/framework.678fa39b.js:2:338589)
[     846ms] Error: Minified React error #422; visit https://reactjs.org/docs/error-decoder.html?invariant=422 for the full message or use the non-minified dev environment for full errors and additional helpful warnings.
    at https://lf-douyin-pc-web.douyinstatic.com/obj/douyin-pc-web/ies/douyin_web/framework.678fa39b.js:2:197741
    at aS (https://lf-douyin-pc-web.douyinstatic.com/obj/douyin-pc-web/ies/douyin_web/framework.678fa39b.js:2:199039)
    at ig (https://lf-douyin-pc-web.douyinstatic.com/obj/douyin-pc-web/ies/douyin_web/framework.678fa39b.js:2:249128)
    at oL (https://lf-douyin-pc-web.douyinstatic.com/obj/douyin-pc-web/ies/douyin_web/framework.678fa39b.js:2:229096)
    at https://lf-douyin-pc-web.douyinstatic.com/obj/douyin-pc-web/ies/douyin_web/framework.678fa39b.js:2:225263
    at https://lf-douyin-pc-web.douyinstatic.com/obj/douyin-pc-web/ies/douyin_web/framework.678fa39b.js:2:225271
    at oy (https://lf-douyin-pc-web.douyinstatic.com/obj/douyin-pc-web/ies/douyin_web/framework.678fa39b.js:2:225376)
    at MessagePort.P (https://lf-douyin-pc-web.douyinstatic.com/obj/douyin-pc-web/ies/douyin_web/framework.678fa39b.js:2:338589)
[    1589ms] [WARNING] [SDK] 1782531990621        0 already inited @ https://lf3-short.ibytedapm.com/slardar/fe/sdk-web/browser.cn.js?bid=douyin_web&globalName=Slardar:0
[    1808ms] [ERROR] The Content Security Policy directive 'upgrade-insecure-requests' is ignored when delivered in a report-only policy. @ https://lf-douyin-pc-web.douyinstatic.com/obj/douyin-pc-web/ies/douyin_web/async/60106.74e5ae2b.js:1
[    2446ms] [LOG] [ Federation Runtime ] Version 18.3.0-canary-587ae49d7-20230720 from @demo/douyin-web of shared singleton module react does not satisfy the requirement of @revenue-wallet-fe/recharge-web which needs ^18.3.1) @ https://lf3-webcast.bytetos.com/obj/webcast-new/recharge_web_vmok/vmok-remote-entry.9a192be8.js:3
[    2446ms] [LOG] [ Federation Runtime ] Version 18.3.0-canary-587ae49d7-20230720 from @demo/douyin-web of shared singleton module react-dom does not satisfy the requirement of @revenue-wallet-fe/recharge-web which needs ^18.3.1) @ https://lf3-webcast.bytetos.com/obj/webcast-new/recharge_web_vmok/vmok-remote-entry.9a192be8.js:3
[    2449ms] [WARNING] Cannot assign to read only property 'call' of object '#<Object>' @ https://lf3-webcast.bytetos.com/obj/webcast-new/recharge_web_vmok/static/js/async/__federation_expose_data.783d5811.js:1
[    2451ms] [LOG] getRechargePackages requestParams {path: /webcast/diamond/, queryParams: Object} @ https://lf3-webcast.bytetos.com/obj/webcast-new/recharge_web_vmok/static/js/async/__federation_expose_data.783d5811.js:1
[    2643ms] [LOG] Service worker registration success @ https://www.douyin.com/user/MS4wLjABAAAAANSG2ii-j-_lUq-b3INlGbfoADdryUYNCXRcWH0a8uE?author_id=81301761209&enter_from=video_detail&enter_method=video_title&from_gid=7621054530252516282&from_tab_name=main&group_id=7621054530252516282&log_pb=%7B%22impr_id%22%3A%22202606271133219DBFA55BB611D2739919%22%7D&relation=0&vid=7621054530252516282:959
[    2663ms] [INFO] Banner not shown: beforeinstallpromptevent.preventDefault() called. The page must call beforeinstallpromptevent.prompt() to show the banner. @ https://www.douyin.com/user/MS4wLjABAAAAANSG2ii-j-_lUq-b3INlGbfoADdryUYNCXRcWH0a8uE?from_tab_name=main&relation=0&vid=7621054530252516282:0
[    2832ms] [LOG] [prefetch] packageData [local]:  {packages: Array(7), extra: Object} @ https://lf3-webcast.bytetos.com/obj/webcast-new/recharge_web_vmok/static/js/async/__federation_expose_data.783d5811.js:1
[    4695ms] [ERROR] The Content Security Policy directive 'upgrade-insecure-requests' is ignored when delivered in a report-only policy. @ https://lf-cdn-tos.bytescm.com/obj/rc-verifycenter/rmc-nocaptcha/1.0.0.29/setup.js:37
[    6619ms] [ERROR] The Content Security Policy directive 'upgrade-insecure-requests' is ignored when delivered in a report-only policy. @ https://lf-douyin-pc-web.douyinstatic.com/obj/douyin-pc-web/ies/douyin_web/90149.c73f0cfe.js:1706
[    6620ms] [ERROR] The Content Security Policy directive 'upgrade-insecure-requests' is ignored when delivered in a report-only policy. @ https://lf-douyin-pc-web.douyinstatic.com/obj/douyin-pc-web/ies/douyin_web/90149.c73f0cfe.js:1706
[    6622ms] [ERROR] The Content Security Policy directive 'upgrade-insecure-requests' is ignored when delivered in a report-only policy. @ https://lf-douyin-pc-web.douyinstatic.com/obj/douyin-pc-web/ies/douyin_web/90149.c73f0cfe.js:1706
[    7174ms] [ERROR] The Content Security Policy directive 'upgrade-insecure-requests' is ignored when delivered in a report-only policy. @ https://lf-douyin-pc-web.douyinstatic.com/obj/douyin-pc-web/ies/douyin_web/async/67241.a055b9ce.js:1
[    7232ms] [ERROR] Failed to launch 'bitbrowser://cc/' because the scheme does not have a registered handler. @ https://www.douyin.com/user/MS4wLjABAAAAANSG2ii-j-_lUq-b3INlGbfoADdryUYNCXRcWH0a8uE?from_tab_name=main&relation=0&vid=7621054530252516282:0
[    7384ms] [ERROR] The Content Security Policy directive 'upgrade-insecure-requests' is ignored when delivered in a report-only policy. @ https://lf-douyin-pc-web.douyinstatic.com/obj/douyin-pc-web/ies/douyin_web/async/67241.a055b9ce.js:1
[    7385ms] [ERROR] The Content Security Policy directive 'upgrade-insecure-requests' is ignored when delivered in a report-only policy. @ https://lf-douyin-pc-web.douyinstatic.com/obj/douyin-pc-web/ies/douyin_web/async/67241.a055b9ce.js:1
[    7389ms] [ERROR] The Content Security Policy directive 'upgrade-insecure-requests' is ignored when delivered in a report-only policy. @ https://lf-douyin-pc-web.douyinstatic.com/obj/douyin-pc-web/ies/douyin_web/async/67241.a055b9ce.js:1
[    7615ms] [ERROR] The Content Security Policy directive 'upgrade-insecure-requests' is ignored when delivered in a report-only policy. @ :2
[    7615ms] [ERROR] The Content Security Policy directive 'upgrade-insecure-requests' is ignored when delivered in a report-only policy. @ :2
[    7619ms] [ERROR] The Content Security Policy directive 'upgrade-insecure-requests' is ignored when delivered in a report-only policy. @ :2
[    7683ms] [LOG] [c0] @ :2
[  244140ms] [ERROR] Access to XMLHttpRequest at 'https://imapi.douyin.com/v1/stranger/get_conversation_list' from origin 'https://www.douyin.com' has been blocked by CORS policy: No 'Access-Control-Allow-Origin' header is present on the requested resource. @ https://www.douyin.com/user/MS4wLjABAAAAANSG2ii-j-_lUq-b3INlGbfoADdryUYNCXRcWH0a8uE?from_tab_name=main&relation=0&vid=7621054530252516282:0
[  244142ms] [ERROR] Failed to load resource: net::ERR_FAILED @ https://imapi.douyin.com/v1/stranger/get_conversation_list:0
[  247694ms] [ERROR] The Content Security Policy directive 'upgrade-insecure-requests' is ignored when delivered in a report-only policy. @ https://lf-douyin-pc-web.douyinstatic.com/obj/douyin-pc-web/ies/douyin_web/async/67241.a055b9ce.js:1
[  247695ms] [ERROR] The Content Security Policy directive 'upgrade-insecure-requests' is ignored when delivered in a report-only policy. @ https://lf-douyin-pc-web.douyinstatic.com/obj/douyin-pc-web/ies/douyin_web/async/67241.a055b9ce.js:1
[  247701ms] [ERROR] The Content Security Policy directive 'upgrade-insecure-requests' is ignored when delivered in a report-only policy. @ https://lf-douyin-pc-web.douyinstatic.com/obj/douyin-pc-web/ies/douyin_web/async/67241.a055b9ce.js:1
[  248011ms] [ERROR] The Content Security Policy directive 'upgrade-insecure-requests' is ignored when delivered in a report-only policy. @ :2
[  248012ms] [ERROR] The Content Security Policy directive 'upgrade-insecure-requests' is ignored when delivered in a report-only policy. @ :2
[  248016ms] [ERROR] The Content Security Policy directive 'upgrade-insecure-requests' is ignored when delivered in a report-only policy. @ :2
[  248119ms] [LOG] [c0] @ :2
[  488129ms] [ERROR] The Content Security Policy directive 'upgrade-insecure-requests' is ignored when delivered in a report-only policy. @ https://lf-douyin-pc-web.douyinstatic.com/obj/douyin-pc-web/ies/douyin_web/async/67241.a055b9ce.js:1
[  488130ms] [ERROR] The Content Security Policy directive 'upgrade-insecure-requests' is ignored when delivered in a report-only policy. @ https://lf-douyin-pc-web.douyinstatic.com/obj/douyin-pc-web/ies/douyin_web/async/67241.a055b9ce.js:1
[  488138ms] [ERROR] The Content Security Policy directive 'upgrade-insecure-requests' is ignored when delivered in a report-only policy. @ https://lf-douyin-pc-web.douyinstatic.com/obj/douyin-pc-web/ies/douyin_web/async/67241.a055b9ce.js:1
[  488477ms] [ERROR] The Content Security Policy directive 'upgrade-insecure-requests' is ignored when delivered in a report-only policy. @ :2
[  488478ms] [ERROR] The Content Security Policy directive 'upgrade-insecure-requests' is ignored when delivered in a report-only policy. @ :2
[  488483ms] [ERROR] The Content Security Policy directive 'upgrade-insecure-requests' is ignored when delivered in a report-only policy. @ :2
[  488576ms] [LOG] [c0] @ :2
[  544158ms] [ERROR] Access to XMLHttpRequest at 'https://imapi.douyin.com/v1/stranger/get_conversation_list' from origin 'https://www.douyin.com' has been blocked by CORS policy: No 'Access-Control-Allow-Origin' header is present on the requested resource. @ https://www.douyin.com/user/MS4wLjABAAAAANSG2ii-j-_lUq-b3INlGbfoADdryUYNCXRcWH0a8uE?from_tab_name=main&relation=0&vid=7621054530252516282:0
[  544160ms] [ERROR] Failed to load resource: net::ERR_FAILED @ https://imapi.douyin.com/v1/stranger/get_conversation_list:0
[ 1024142ms] [ERROR] Access to XMLHttpRequest at 'https://imapi.douyin.com/v1/stranger/get_conversation_list' from origin 'https://www.douyin.com' has been blocked by CORS policy: No 'Access-Control-Allow-Origin' header is present on the requested resource. @ https://www.douyin.com/user/MS4wLjABAAAAANSG2ii-j-_lUq-b3INlGbfoADdryUYNCXRcWH0a8uE?from_tab_name=main&relation=0&vid=7621054530252516282:0
[ 1024144ms] [ERROR] Failed to load resource: net::ERR_FAILED @ https://imapi.douyin.com/v1/stranger/get_conversation_list:0
[ 1293540ms] [ERROR] WebSocket connection to 'wss://frontier-im.douyin.com/ws/v2?device_platform=web&version_code=fws_1.0.0&access_key=c54a5f1d8978534fd061e5cf4b70afab&fpid=9&aid=6383&device_id=85461071491&xsack=0&xaack=0&xsqos=0&qos_sdk_version=2' failed: Connection closed before receiving a handshake response @ https://lf-douyin-pc-web.douyinstatic.com/obj/douyin-pc-web/ies/douyin_web/async/NoticeEntry-frontier.d3330be4.js:1
[ 1293925ms] [ERROR] WebSocket connection to 'wss://frontier-im.douyin.com/ws/v2?aid=6383&fpid=9&device_id=85461071491&access_key=c54a5f1d8978534fd061e5cf4b70afab&device_platform=douyin_pc&version_code=360000' failed: Error in connection establishment: net::ERR_CONNECTION_ABORTED @ https://lf3-social.iesdouyin.com/obj/douyin-social-cdn/pcim/static/js/async/5803.4945c943.js:1
[ 1293981ms] [ERROR] Failed to load resource: net::ERR_CONNECTION_ABORTED @ https://mcs.zijieapi.com/list?aid=6383&sdk_version=5.1.24_dy:0
